<?xml version="1.0" encoding="utf-8"?><testsuites name="pytest tests"><testsuite name="pytest" errors="0" failures="3" skipped="0" tests="7" time="2.270" timestamp="2026-03-09T16:26:45.019310+00:00" hostname="kb"><testcase classname="tests.test_orm_queryset" name="test_queryset_filter_chaining" time="0.401"><failure message="assert 3 == 2&#10; +  where 3 = len([&lt;tests.test_orm_queryset.QSUser object at 0x0000013B379156E0&gt;, &lt;tests.test_orm_queryset.QSUser object at 0x0000013B3798A330&gt;, &lt;tests.test_orm_queryset.QSUser object at 0x0000013B377E3F00&gt;])">sample_users = [&lt;tests.test_orm_queryset.QSUser object at 0x0000013B3793C6E0&gt;, &lt;tests.test_orm_queryset.QSUser object at 0x0000013B37....test_orm_queryset.QSUser object at 0x0000013B378EF110&gt;, &lt;tests.test_orm_queryset.QSUser object at 0x0000013B37914D60&gt;]

    @pytest.mark.asyncio
    async def test_queryset_filter_chaining(sample_users):
        qs = QSUser.filter(is_active=True).filter(age__gte=30)
        users = await qs
&gt;       assert len(users) == 2
E       assert 3 == 2
E        +  where 3 = len([&lt;tests.test_orm_queryset.QSUser object at 0x0000013B379156E0&gt;, &lt;tests.test_orm_queryset.QSUser object at 0x0000013B3798A330&gt;, &lt;tests.test_orm_queryset.QSUser object at 0x0000013B377E3F00&gt;])

tests\test_orm_queryset.py:30: AssertionError</failure></testcase><testcase classname="tests.test_orm_queryset" name="test_queryset_exclude" time="0.136" /><testcase classname="tests.test_orm_queryset" name="test_queryset_order_by" time="0.130" /><testcase classname="tests.test_orm_queryset" name="test_queryset_limit_offset" time="0.181" /><testcase classname="tests.test_orm_queryset" name="test_queryset_values" time="0.261"><failure message="AttributeError: 'QuerySet' object has no attribute 'values'">sample_users = [&lt;tests.test_orm_queryset.QSUser object at 0x0000013B379C6750&gt;, &lt;tests.test_orm_queryset.QSUser object at 0x0000013B37....test_orm_queryset.QSUser object at 0x0000013B37A96DD0&gt;, &lt;tests.test_orm_queryset.QSUser object at 0x0000013B37A95A50&gt;]

    @pytest.mark.asyncio
    async def test_queryset_values(sample_users):
&gt;       qs = QSUser.order_by("name").values("name", "age")
             ^^^^^^^^^^^^^^^^^^^^^^^^^^^^^^
E       AttributeError: 'QuerySet' object has no attribute 'values'

tests\test_orm_queryset.py:64: AttributeError</failure></testcase><testcase classname="tests.test_orm_queryset" name="test_queryset_first_last" time="0.192"><failure message="AttributeError: 'QuerySet' object has no attribute 'last'">sample_users = [&lt;tests.test_orm_queryset.QSUser object at 0x0000013B379B24D0&gt;, &lt;tests.test_orm_queryset.QSUser object at 0x0000013B37....test_orm_queryset.QSUser object at 0x0000013B379C69D0&gt;, &lt;tests.test_orm_queryset.QSUser object at 0x0000013B37987550&gt;]

    @pytest.mark.asyncio
    async def test_queryset_first_last(sample_users):
        first_user = await QSUser.order_by("name").first()
        assert first_user.name == "Alice"
    
&gt;       last_user = await QSUser.order_by("name").last()
                          ^^^^^^^^^^^^^^^^^^^^^^^^^^^^
E       AttributeError: 'QuerySet' object has no attribute 'last'

tests\test_orm_queryset.py:75: AttributeError</failure></testcase><testcase classname="tests.test_orm_queryset" name="test_queryset_exists" time="0.128" /></testsuite></testsuites>