============================= test session starts =============================
platform win32 -- Python 3.14.3, pytest-9.0.2, pluggy-1.6.0 -- C:\Users\COBBY\AppData\Local\Python\pythoncore-3.14-64\python.exe
cachedir: .pytest_cache
rootdir: C:\PROJECTS\eden-framework
configfile: pyproject.toml
plugins: anyio-4.12.1, asyncio-1.3.0
asyncio: mode=Mode.AUTO, debug=False, asyncio_default_fixture_loop_scope=None, asyncio_default_test_loop_scope=function
collecting ... collected 7 items

tests/test_orm_enhanced.py::test_orm_json_field PASSED                   [ 14%]
tests/test_orm_enhanced.py::test_queryset_aggregate_django_style PASSED  [ 28%]
tests/test_orm_enhanced.py::test_queryset_annotate_complex PASSED        [ 42%]
tests/test_orm_enhanced.py::test_orm_complex_lookups PASSED              [ 57%]
tests/test_orm_enhanced.py::test_queryset_update_returning PASSED        [ 71%]
tests/test_orm_enhanced.py::test_queryset_delete PASSED                  [ 85%]
tests/test_orm_enhanced.py::test_orm_f_relationship_oneliner FAILED      [100%]

================================== FAILURES ===================================
______________________ test_orm_f_relationship_oneliner _______________________

    @pytest.mark.asyncio
    async def test_orm_f_relationship_oneliner():
        # Test that EnhancedChild model has parent_id automatically created
        parent = await EnhancedParent.create(name="EnhancedParent 1")
        child = await EnhancedChild.create(name="EnhancedChild 1", parent_id=parent.id)
    
        # Reload and check relationship
        fetched_child = await EnhancedChild.query().prefetch("parent").filter(id=child.id).first()
        assert fetched_child.parent.name == "EnhancedParent 1"
        assert fetched_child.parent_id == parent.id
    
        # Check parent's children
        fetched_parent = await EnhancedParent.query().prefetch("children").filter(id=parent.id).first()
>       assert len(fetched_parent.children) == 1
E       assert 0 == 1
E        +  where 0 = len([])
E        +    where [] = <tests.test_orm_enhanced.EnhancedParent object at 0x000002171A048980>.children

tests\test_orm_enhanced.py:133: AssertionError
---------------------------- Captured stdout setup ----------------------------
DEBUG: setup_db called
DEBUG: Tables in metadata: ['file_references', 'eden_audit_logs', 'eden_customers', 'eden_subscriptions', 'eden_payment_events', 'eden_users', 'eden_social_accounts', 'password_reset_tokens', 'eden_api_keys', 'eden_tenants', 'enhanced_users', 'enhanced_parents', 'enhanced_childs']
-------------------------- Captured stdout teardown ---------------------------
DEBUG: setup_db yielded
=========================== short test summary info ===========================
FAILED tests/test_orm_enhanced.py::test_orm_f_relationship_oneliner - assert 0 == 1
 +  where 0 = len([])
 +    where [] = <tests.test_orm_enhanced.EnhancedParent object at 0x000002171A048980>.children
========================= 1 failed, 6 passed in 1.78s =========================
