============================= test session starts =============================
platform win32 -- Python 3.12.12, pytest-9.0.2, pluggy-1.6.0 -- C:\PROJECTS\eden-framework\.venv\Scripts\python.exe
cachedir: .pytest_cache
rootdir: C:\PROJECTS\eden-framework
configfile: pyproject.toml
plugins: anyio-4.12.1, asyncio-1.3.0
asyncio: mode=Mode.AUTO, debug=False, asyncio_default_fixture_loop_scope=None, asyncio_default_test_loop_scope=session
collecting ... collected 1 item

tests/test_orm_form_integration.py::test_form_metadata_propagation ERROR [100%]

=================================== ERRORS ====================================
______________ ERROR at setup of test_form_metadata_propagation _______________

db = <eden.db.session.Database object at 0x000001BE42452750>

    @pytest.fixture(scope="module", autouse=True)
    async def setup_db(db):
        """Ensure tables are created for models in this file."""
        async with db.engine.begin() as conn:
            print(f"DEBUG: Running create_all in module setup_db for {__file__}")
>           await conn.run_sync(Model.metadata.create_all)

tests\test_orm_form_integration.py:33: 
_ _ _ _ _ _ _ _ _ _ _ _ _ _ _ _ _ _ _ _ _ _ _ _ _ _ _ _ _ _ _ _ _ _ _ _ _ _ _ _

self = <sqlalchemy.ext.asyncio.engine.AsyncConnection object at 0x000001BE425A1040>
fn = <bound method MetaData.create_all of MetaData()>, arg = (), kw = {}

    async def run_sync(
        self,
        fn: Callable[Concatenate[Connection, _P], _T],
        *arg: _P.args,
        **kw: _P.kwargs,
    ) -> _T:
        '''Invoke the given synchronous (i.e. not async) callable,
        passing a synchronous-style :class:`_engine.Connection` as the first
        argument.
    
        This method allows traditional synchronous SQLAlchemy functions to
        run within the context of an asyncio application.
    
        E.g.::
    
            def do_something_with_core(conn: Connection, arg1: int, arg2: str) -> str:
                """A synchronous function that does not require awaiting
    
                :param conn: a Core SQLAlchemy Connection, used synchronously
    
                :return: an optional return value is supported
    
                """
                conn.execute(some_table.insert().values(int_col=arg1, str_col=arg2))
                return "success"
    
    
            async def do_something_async(async_engine: AsyncEngine) -> None:
                """an async function that uses awaiting"""
    
                async with async_engine.begin() as async_conn:
                    # run do_something_with_core() with a sync-style
                    # Connection, proxied into an awaitable
                    return_code = await async_conn.run_sync(
                        do_something_with_core, 5, "strval"
                    )
                    print(return_code)
    
        This method maintains the asyncio event loop all the way through
        to the database connection by running the given callable in a
        specially instrumented greenlet.
    
        The most rudimentary use of :meth:`.AsyncConnection.run_sync` is to
        invoke methods such as :meth:`_schema.MetaData.create_all`, given
        an :class:`.AsyncConnection` that needs to be provided to
        :meth:`_schema.MetaData.create_all` as a :class:`_engine.Connection`
        object::
    
            # run metadata.create_all(conn) with a sync-style Connection,
            # proxied into an awaitable
            with async_engine.begin() as conn:
                await conn.run_sync(metadata.create_all)
    
        .. note::
    
            The provided callable is invoked inline within the asyncio event
            loop, and will block on traditional IO calls.  IO within this
            callable should only call into SQLAlchemy's asyncio database
            APIs which will be properly adapted to the greenlet context.
    
        .. seealso::
    
            :meth:`.AsyncSession.run_sync`
    
            :ref:`session_run_sync`
    
        '''  # noqa: E501
    
>       return await greenlet_spawn(
            fn, self._proxied, *arg, _require_await=False, **kw
        )

.venv\Lib\site-packages\sqlalchemy\ext\asyncio\engine.py:888: 
_ _ _ _ _ _ _ _ _ _ _ _ _ _ _ _ _ _ _ _ _ _ _ _ _ _ _ _ _ _ _ _ _ _ _ _ _ _ _ _

fn = <bound method MetaData.create_all of MetaData()>, _require_await = False
args = (<sqlalchemy.engine.base.Connection object at 0x000001BE42598530>,)
kwargs = {}
context = <_AsyncIoGreenlet object at 0x000001BE425B89C0 (otid=0x000001BE40C78E40) dead>
switch_occurred = True
result = <coroutine object AsyncAdapt_asyncpg_cursor._prepare_and_execute at 0x000001BE424BA260>

    async def greenlet_spawn(
        fn: Callable[..., _T],
        *args: Any,
        _require_await: bool = False,
        **kwargs: Any,
    ) -> _T:
        """Runs a sync function ``fn`` in a new greenlet.
    
        The sync function can then use :func:`await_only` to wait for async
        functions.
    
        :param fn: The sync callable to call.
        :param \\*args: Positional arguments to pass to the ``fn`` callable.
        :param \\*\\*kwargs: Keyword arguments to pass to the ``fn`` callable.
        """
    
        result: Any
        context = _AsyncIoGreenlet(fn, getcurrent())
        # runs the function synchronously in gl greenlet. If the execution
        # is interrupted by await_only, context is not dead and result is a
        # coroutine to wait. If the context is dead the function has
        # returned, and its result can be returned.
        switch_occurred = False
        result = context.switch(*args, **kwargs)
        while not context.dead:
            switch_occurred = True
            try:
                # wait for a coroutine from await_only and then return its
                # result back to it.
                value = await result
            except BaseException:
                # this allows an exception to be raised within
                # the moderated greenlet so that it can continue
                # its expected flow.
>               result = context.throw(*sys.exc_info())
                         ^^^^^^^^^^^^^^^^^^^^^^^^^^^^^^

.venv\Lib\site-packages\sqlalchemy\util\_concurrency_py3k.py:201: 
_ _ _ _ _ _ _ _ _ _ _ _ _ _ _ _ _ _ _ _ _ _ _ _ _ _ _ _ _ _ _ _ _ _ _ _ _ _ _ _

self = MetaData()
bind = <sqlalchemy.engine.base.Connection object at 0x000001BE42598530>
tables = None, checkfirst = True

    def create_all(
        self,
        bind: _CreateDropBind,
        tables: Optional[_typing_Sequence[Table]] = None,
        checkfirst: bool = True,
    ) -> None:
        """Create all tables stored in this metadata.
    
        Conditional by default, will not attempt to recreate tables already
        present in the target database.
    
        :param bind:
          A :class:`.Connection` or :class:`.Engine` used to access the
          database.
    
        :param tables:
          Optional list of ``Table`` objects, which is a subset of the total
          tables in the ``MetaData`` (others are ignored).
    
        :param checkfirst:
          Defaults to True, don't issue CREATEs for tables already present
          in the target database.
    
        """
>       bind._run_ddl_visitor(
            ddl.SchemaGenerator, self, checkfirst=checkfirst, tables=tables
        )

.venv\Lib\site-packages\sqlalchemy\sql\schema.py:5928: 
_ _ _ _ _ _ _ _ _ _ _ _ _ _ _ _ _ _ _ _ _ _ _ _ _ _ _ _ _ _ _ _ _ _ _ _ _ _ _ _

self = <sqlalchemy.engine.base.Connection object at 0x000001BE42598530>
visitorcallable = <class 'sqlalchemy.sql.ddl.SchemaGenerator'>
element = MetaData(), kwargs = {'checkfirst': True, 'tables': None}

    def _run_ddl_visitor(
        self,
        visitorcallable: Type[InvokeDDLBase],
        element: SchemaVisitable,
        **kwargs: Any,
    ) -> None:
        """run a DDL visitor.
    
        This method is only here so that the MockConnection can change the
        options given to the visitor so that "checkfirst" is skipped.
    
        """
        visitorcallable(
            dialect=self.dialect, connection=self, **kwargs
>       ).traverse_single(element)
          ^^^^^^^^^^^^^^^^^^^^^^^^

.venv\Lib\site-packages\sqlalchemy\engine\base.py:2467: 
_ _ _ _ _ _ _ _ _ _ _ _ _ _ _ _ _ _ _ _ _ _ _ _ _ _ _ _ _ _ _ _ _ _ _ _ _ _ _ _

self = <sqlalchemy.sql.ddl.SchemaGenerator object at 0x000001BE425BB050>
obj = MetaData(), kw = {}
v = <sqlalchemy.sql.ddl.SchemaGenerator object at 0x000001BE425BB050>
meth = <bound method SchemaGenerator.visit_metadata of <sqlalchemy.sql.ddl.SchemaGenerator object at 0x000001BE425BB050>>

    def traverse_single(self, obj: Visitable, **kw: Any) -> Any:
        for v in self.visitor_iterator:
            meth = getattr(v, "visit_%s" % obj.__visit_name__, None)
            if meth:
>               return meth(obj, **kw)
                       ^^^^^^^^^^^^^^^

.venv\Lib\site-packages\sqlalchemy\sql\visitors.py:661: 
_ _ _ _ _ _ _ _ _ _ _ _ _ _ _ _ _ _ _ _ _ _ _ _ _ _ _ _ _ _ _ _ _ _ _ _ _ _ _ _

self = <sqlalchemy.sql.ddl.SchemaGenerator object at 0x000001BE425BB050>
metadata = MetaData()

    def visit_metadata(self, metadata):
        if self.tables is not None:
            tables = self.tables
        else:
            tables = list(metadata.tables.values())
    
        collection = sort_tables_and_constraints(
>           [t for t in tables if self._can_create_table(t)]
                                  ^^^^^^^^^^^^^^^^^^^^^^^^^
        )

.venv\Lib\site-packages\sqlalchemy\sql\ddl.py:963: 
_ _ _ _ _ _ _ _ _ _ _ _ _ _ _ _ _ _ _ _ _ _ _ _ _ _ _ _ _ _ _ _ _ _ _ _ _ _ _ _

self = <sqlalchemy.sql.ddl.SchemaGenerator object at 0x000001BE425BB050>
table = Table('file_references', MetaData(), Column('model_class_name', String(length=255), table=<file_references>, nullable=...>), server_default=DefaultClause(<sqlalchemy.sql.functions.now at 0x1be418aa930; now>, for_update=False)), schema=None)

    def _can_create_table(self, table):
        self.dialect.validate_identifier(table.name)
        effective_schema = self.connection.schema_for_object(table)
        if effective_schema:
            self.dialect.validate_identifier(effective_schema)
>       return not self.checkfirst or not self.dialect.has_table(
            self.connection, table.name, schema=effective_schema
        )

.venv\Lib\site-packages\sqlalchemy\sql\ddl.py:928: 
_ _ _ _ _ _ _ _ _ _ _ _ _ _ _ _ _ _ _ _ _ _ _ _ _ _ _ _ _ _ _ _ _ _ _ _ _ _ _ _

self = <sqlalchemy.dialects.postgresql.asyncpg.PGDialect_asyncpg object at 0x000001BE425165D0>
connection = <sqlalchemy.engine.base.Connection object at 0x000001BE42598530>
table_name = 'file_references', schema = None, kw = {}

>   ???

<string>:2: 
_ _ _ _ _ _ _ _ _ _ _ _ _ _ _ _ _ _ _ _ _ _ _ _ _ _ _ _ _ _ _ _ _ _ _ _ _ _ _ _

fn = <function PGDialect.has_table at 0x000001BE41D28AE0>
self = <sqlalchemy.dialects.postgresql.asyncpg.PGDialect_asyncpg object at 0x000001BE425165D0>
con = <sqlalchemy.engine.base.Connection object at 0x000001BE42598530>
args = ('file_references',), kw = {'schema': None}, info_cache = None

    @util.decorator
    def cache(
        fn: Callable[..., _R],
        self: Dialect,
        con: Connection,
        *args: Any,
        **kw: Any,
    ) -> _R:
        info_cache = kw.get("info_cache", None)
        if info_cache is None:
>           return fn(self, con, *args, **kw)
                   ^^^^^^^^^^^^^^^^^^^^^^^^^^

.venv\Lib\site-packages\sqlalchemy\engine\reflection.py:89: 
_ _ _ _ _ _ _ _ _ _ _ _ _ _ _ _ _ _ _ _ _ _ _ _ _ _ _ _ _ _ _ _ _ _ _ _ _ _ _ _

self = <sqlalchemy.dialects.postgresql.asyncpg.PGDialect_asyncpg object at 0x000001BE425165D0>
connection = <sqlalchemy.engine.base.Connection object at 0x000001BE42598530>
table_name = 'file_references', schema = None, kw = {}
query = <sqlalchemy.sql.selectable.Select object at 0x000001BE42599220>

    @reflection.cache
    def has_table(self, connection, table_name, schema=None, **kw):
        self._ensure_has_table_connection(connection)
        query = self._has_table_query(schema)
>       return bool(connection.scalar(query, {"table_name": table_name}))
                    ^^^^^^^^^^^^^^^^^^^^^^^^^^^^^^^^^^^^^^^^^^^^^^^^^^^^

.venv\Lib\site-packages\sqlalchemy\dialects\postgresql\base.py:3574: 
_ _ _ _ _ _ _ _ _ _ _ _ _ _ _ _ _ _ _ _ _ _ _ _ _ _ _ _ _ _ _ _ _ _ _ _ _ _ _ _

self = <sqlalchemy.engine.base.Connection object at 0x000001BE42598530>
statement = <sqlalchemy.sql.selectable.Select object at 0x000001BE42599220>
parameters = {'table_name': 'file_references'}

    def scalar(
        self,
        statement: Executable,
        parameters: Optional[_CoreSingleExecuteParams] = None,
        *,
        execution_options: Optional[CoreExecuteOptionsParameter] = None,
    ) -> Any:
        r"""Executes a SQL statement construct and returns a scalar object.
    
        This method is shorthand for invoking the
        :meth:`_engine.Result.scalar` method after invoking the
        :meth:`_engine.Connection.execute` method.  Parameters are equivalent.
    
        :return: a scalar Python value representing the first column of the
         first row returned.
    
        """
        distilled_parameters = _distill_params_20(parameters)
        try:
            meth = statement._execute_on_scalar
        except AttributeError as err:
            raise exc.ObjectNotExecutableError(statement) from err
        else:
>           return meth(
                self,
                distilled_parameters,
                execution_options or NO_OPTIONS,
            )

.venv\Lib\site-packages\sqlalchemy\engine\base.py:1308: 
_ _ _ _ _ _ _ _ _ _ _ _ _ _ _ _ _ _ _ _ _ _ _ _ _ _ _ _ _ _ _ _ _ _ _ _ _ _ _ _

self = <sqlalchemy.sql.selectable.Select object at 0x000001BE42599220>
connection = <sqlalchemy.engine.base.Connection object at 0x000001BE42598530>
distilled_params = [{'table_name': 'file_references'}]
execution_options = immutabledict({})

    def _execute_on_scalar(
        self,
        connection: Connection,
        distilled_params: _CoreMultiExecuteParams,
        execution_options: CoreExecuteOptionsParameter,
    ) -> Any:
        """an additional hook for subclasses to provide a different
        implementation for connection.scalar() vs. connection.execute().
    
        .. versionadded:: 2.0
    
        """
>       return self._execute_on_connection(
            connection, distilled_params, execution_options
        ).scalar()

.venv\Lib\site-packages\sqlalchemy\sql\elements.py:545: 
_ _ _ _ _ _ _ _ _ _ _ _ _ _ _ _ _ _ _ _ _ _ _ _ _ _ _ _ _ _ _ _ _ _ _ _ _ _ _ _

self = <sqlalchemy.sql.selectable.Select object at 0x000001BE42599220>
connection = <sqlalchemy.engine.base.Connection object at 0x000001BE42598530>
distilled_params = [{'table_name': 'file_references'}]
execution_options = immutabledict({})

    def _execute_on_connection(
        self,
        connection: Connection,
        distilled_params: _CoreMultiExecuteParams,
        execution_options: CoreExecuteOptionsParameter,
    ) -> Result[Any]:
        if self.supports_execution:
            if TYPE_CHECKING:
                assert isinstance(self, Executable)
>           return connection._execute_clauseelement(
                self, distilled_params, execution_options
            )

.venv\Lib\site-packages\sqlalchemy\sql\elements.py:527: 
_ _ _ _ _ _ _ _ _ _ _ _ _ _ _ _ _ _ _ _ _ _ _ _ _ _ _ _ _ _ _ _ _ _ _ _ _ _ _ _

self = <sqlalchemy.engine.base.Connection object at 0x000001BE42598530>
elem = <sqlalchemy.sql.selectable.Select object at 0x000001BE42599220>
distilled_parameters = [{'table_name': 'file_references'}]
execution_options = immutabledict({})

    def _execute_clauseelement(
        self,
        elem: Executable,
        distilled_parameters: _CoreMultiExecuteParams,
        execution_options: CoreExecuteOptionsParameter,
    ) -> CursorResult[Any]:
        """Execute a sql.ClauseElement object."""
    
        execution_options = elem._execution_options.merge_with(
            self._execution_options, execution_options
        )
    
        has_events = self._has_events or self.engine._has_events
        if has_events:
            (
                elem,
                distilled_parameters,
                event_multiparams,
                event_params,
            ) = self._invoke_before_exec_event(
                elem, distilled_parameters, execution_options
            )
    
        if distilled_parameters:
            # ensure we don't retain a link to the view object for keys()
            # which links to the values, which we don't want to cache
            keys = sorted(distilled_parameters[0])
            for_executemany = len(distilled_parameters) > 1
        else:
            keys = []
            for_executemany = False
    
        dialect = self.dialect
    
        schema_translate_map = execution_options.get(
            "schema_translate_map", None
        )
    
        compiled_cache: Optional[CompiledCacheType] = execution_options.get(
            "compiled_cache", self.engine._compiled_cache
        )
    
        compiled_sql, extracted_params, cache_hit = elem._compile_w_cache(
            dialect=dialect,
            compiled_cache=compiled_cache,
            column_keys=keys,
            for_executemany=for_executemany,
            schema_translate_map=schema_translate_map,
            linting=self.dialect.compiler_linting | compiler.WARN_LINTING,
        )
>       ret = self._execute_context(
            dialect,
            dialect.execution_ctx_cls._init_compiled,
            compiled_sql,
            distilled_parameters,
            execution_options,
            compiled_sql,
            distilled_parameters,
            elem,
            extracted_params,
            cache_hit=cache_hit,
        )

.venv\Lib\site-packages\sqlalchemy\engine\base.py:1641: 
_ _ _ _ _ _ _ _ _ _ _ _ _ _ _ _ _ _ _ _ _ _ _ _ _ _ _ _ _ _ _ _ _ _ _ _ _ _ _ _

self = <sqlalchemy.engine.base.Connection object at 0x000001BE42598530>
dialect = <sqlalchemy.dialects.postgresql.asyncpg.PGDialect_asyncpg object at 0x000001BE425165D0>
constructor = <bound method DefaultExecutionContext._init_compiled of <class 'sqlalchemy.dialects.postgresql.asyncpg.PGExecutionContext_asyncpg'>>
statement = <sqlalchemy.dialects.postgresql.asyncpg.PGCompiler_asyncpg object at 0x000001BE425992B0>
parameters = [{'table_name': 'file_references'}]
execution_options = immutabledict({})
args = (<sqlalchemy.dialects.postgresql.asyncpg.PGCompiler_asyncpg object at 0x000001BE425992B0>, [{'table_name': 'file_refer...r('%(1916668579904 param)s', 'v', type_=String()), BindParameter('%(1916668579760 param)s', 'm', type_=String()), ...])
kw = {'cache_hit': <CacheStats.CACHE_HIT: 0>}
conn = <sqlalchemy.pool.base._ConnectionFairy object at 0x000001BE42441730>
context = <sqlalchemy.dialects.postgresql.asyncpg.PGExecutionContext_asyncpg object at 0x000001BE42599BE0>

    def _execute_context(
        self,
        dialect: Dialect,
        constructor: Callable[..., ExecutionContext],
        statement: Union[str, Compiled],
        parameters: Optional[_AnyMultiExecuteParams],
        execution_options: _ExecuteOptions,
        *args: Any,
        **kw: Any,
    ) -> CursorResult[Any]:
        """Create an :class:`.ExecutionContext` and execute, returning
        a :class:`_engine.CursorResult`."""
    
        if execution_options:
            yp = execution_options.get("yield_per", None)
            if yp:
                execution_options = execution_options.union(
                    {"stream_results": True, "max_row_buffer": yp}
                )
        try:
            conn = self._dbapi_connection
            if conn is None:
                conn = self._revalidate_connection()
    
            context = constructor(
                dialect, self, conn, execution_options, *args, **kw
            )
        except (exc.PendingRollbackError, exc.ResourceClosedError):
            raise
        except BaseException as e:
            self._handle_dbapi_exception(
                e, str(statement), parameters, None, None
            )
    
        if (
            self._transaction
            and not self._transaction.is_active
            or (
                self._nested_transaction
                and not self._nested_transaction.is_active
            )
        ):
            self._invalid_transaction()
    
        elif self._trans_context_manager:
            TransactionalContext._trans_ctx_check(self)
    
        if self._transaction is None:
            self._autobegin()
    
        context.pre_exec()
    
        if context.execute_style is ExecuteStyle.INSERTMANYVALUES:
            return self._exec_insertmany_context(dialect, context)
        else:
>           return self._exec_single_context(
                dialect, context, statement, parameters
            )

.venv\Lib\site-packages\sqlalchemy\engine\base.py:1846: 
_ _ _ _ _ _ _ _ _ _ _ _ _ _ _ _ _ _ _ _ _ _ _ _ _ _ _ _ _ _ _ _ _ _ _ _ _ _ _ _

self = <sqlalchemy.engine.base.Connection object at 0x000001BE42598530>
dialect = <sqlalchemy.dialects.postgresql.asyncpg.PGDialect_asyncpg object at 0x000001BE425165D0>
context = <sqlalchemy.dialects.postgresql.asyncpg.PGExecutionContext_asyncpg object at 0x000001BE42599BE0>
statement = <sqlalchemy.dialects.postgresql.asyncpg.PGCompiler_asyncpg object at 0x000001BE425992B0>
parameters = [('file_references', 'r', 'p', 'f', 'v', 'm', ...)]

    def _exec_single_context(
        self,
        dialect: Dialect,
        context: ExecutionContext,
        statement: Union[str, Compiled],
        parameters: Optional[_AnyMultiExecuteParams],
    ) -> CursorResult[Any]:
        """continue the _execute_context() method for a single DBAPI
        cursor.execute() or cursor.executemany() call.
    
        """
        if dialect.bind_typing is BindTyping.SETINPUTSIZES:
            generic_setinputsizes = context._prepare_set_input_sizes()
    
            if generic_setinputsizes:
                try:
                    dialect.do_set_input_sizes(
                        context.cursor, generic_setinputsizes, context
                    )
                except BaseException as e:
                    self._handle_dbapi_exception(
                        e, str(statement), parameters, None, context
                    )
    
        cursor, str_statement, parameters = (
            context.cursor,
            context.statement,
            context.parameters,
        )
    
        effective_parameters: Optional[_AnyExecuteParams]
    
        if not context.executemany:
            effective_parameters = parameters[0]
        else:
            effective_parameters = parameters
    
        if self._has_events or self.engine._has_events:
            for fn in self.dispatch.before_cursor_execute:
                str_statement, effective_parameters = fn(
                    self,
                    cursor,
                    str_statement,
                    effective_parameters,
                    context,
                    context.executemany,
                )
    
        if self._echo:
            self._log_info(str_statement)
    
            stats = context._get_cache_stats()
    
            if not self.engine.hide_parameters:
                self._log_info(
                    "[%s] %r",
                    stats,
                    sql_util._repr_params(
                        effective_parameters,
                        batches=10,
                        ismulti=context.executemany,
                    ),
                )
            else:
                self._log_info(
                    "[%s] [SQL parameters hidden due to hide_parameters=True]",
                    stats,
                )
    
        evt_handled: bool = False
        try:
            if context.execute_style is ExecuteStyle.EXECUTEMANY:
                effective_parameters = cast(
                    "_CoreMultiExecuteParams", effective_parameters
                )
                if self.dialect._has_events:
                    for fn in self.dialect.dispatch.do_executemany:
                        if fn(
                            cursor,
                            str_statement,
                            effective_parameters,
                            context,
                        ):
                            evt_handled = True
                            break
                if not evt_handled:
                    self.dialect.do_executemany(
                        cursor,
                        str_statement,
                        effective_parameters,
                        context,
                    )
            elif not effective_parameters and context.no_parameters:
                if self.dialect._has_events:
                    for fn in self.dialect.dispatch.do_execute_no_params:
                        if fn(cursor, str_statement, context):
                            evt_handled = True
                            break
                if not evt_handled:
                    self.dialect.do_execute_no_params(
                        cursor, str_statement, context
                    )
            else:
                effective_parameters = cast(
                    "_CoreSingleExecuteParams", effective_parameters
                )
                if self.dialect._has_events:
                    for fn in self.dialect.dispatch.do_execute:
                        if fn(
                            cursor,
                            str_statement,
                            effective_parameters,
                            context,
                        ):
                            evt_handled = True
                            break
                if not evt_handled:
                    self.dialect.do_execute(
                        cursor, str_statement, effective_parameters, context
                    )
    
            if self._has_events or self.engine._has_events:
                self.dispatch.after_cursor_execute(
                    self,
                    cursor,
                    str_statement,
                    effective_parameters,
                    context,
                    context.executemany,
                )
    
            context.post_exec()
    
            result = context._setup_result_proxy()
    
        except BaseException as e:
>           self._handle_dbapi_exception(
                e, str_statement, effective_parameters, cursor, context
            )

.venv\Lib\site-packages\sqlalchemy\engine\base.py:1986: 
_ _ _ _ _ _ _ _ _ _ _ _ _ _ _ _ _ _ _ _ _ _ _ _ _ _ _ _ _ _ _ _ _ _ _ _ _ _ _ _

self = <sqlalchemy.engine.base.Connection object at 0x000001BE42598530>
e = RuntimeError("Task <Task pending name='Task-5' coro=<_wrap_asyncgen_fixture.<locals>._asyncgen_fixture_wrapper.<locals...ase_events.py:181]> got Future <Future pending cb=[BaseProtocol._on_waiter_completed()]> attached to a different loop")
statement = 'SELECT pg_catalog.pg_class.relname \nFROM pg_catalog.pg_class JOIN pg_catalog.pg_namespace ON pg_catalog.pg_namespace...RCHAR]) AND pg_catalog.pg_table_is_visible(pg_catalog.pg_class.oid) AND pg_catalog.pg_namespace.nspname != $7::VARCHAR'
parameters = ('file_references', 'r', 'p', 'f', 'v', 'm', ...)
cursor = <sqlalchemy.dialects.postgresql.asyncpg.AsyncAdapt_asyncpg_cursor object at 0x000001BE42512860>
context = <sqlalchemy.dialects.postgresql.asyncpg.PGExecutionContext_asyncpg object at 0x000001BE42599BE0>
is_sub_exec = False

    def _handle_dbapi_exception(
        self,
        e: BaseException,
        statement: Optional[str],
        parameters: Optional[_AnyExecuteParams],
        cursor: Optional[DBAPICursor],
        context: Optional[ExecutionContext],
        is_sub_exec: bool = False,
    ) -> NoReturn:
        exc_info = sys.exc_info()
    
        is_exit_exception = util.is_exit_exception(e)
    
        if not self._is_disconnect:
            self._is_disconnect = (
                isinstance(e, self.dialect.loaded_dbapi.Error)
                and not self.closed
                and self.dialect.is_disconnect(
                    e,
                    self._dbapi_connection if not self.invalidated else None,
                    cursor,
                )
            ) or (is_exit_exception and not self.closed)
    
        invalidate_pool_on_disconnect = not is_exit_exception
    
        ismulti: bool = (
            not is_sub_exec and context.executemany
            if context is not None
            else False
        )
        if self._reentrant_error:
            raise exc.DBAPIError.instance(
                statement,
                parameters,
                e,
                self.dialect.loaded_dbapi.Error,
                hide_parameters=self.engine.hide_parameters,
                dialect=self.dialect,
                ismulti=ismulti,
            ).with_traceback(exc_info[2]) from e
        self._reentrant_error = True
        try:
            # non-DBAPI error - if we already got a context,
            # or there's no string statement, don't wrap it
            should_wrap = isinstance(e, self.dialect.loaded_dbapi.Error) or (
                statement is not None
                and context is None
                and not is_exit_exception
            )
    
            if should_wrap:
                sqlalchemy_exception = exc.DBAPIError.instance(
                    statement,
                    parameters,
                    cast(Exception, e),
                    self.dialect.loaded_dbapi.Error,
                    hide_parameters=self.engine.hide_parameters,
                    connection_invalidated=self._is_disconnect,
                    dialect=self.dialect,
                    ismulti=ismulti,
                )
            else:
                sqlalchemy_exception = None
    
            newraise = None
    
            if (self.dialect._has_events) and not self._execution_options.get(
                "skip_user_error_events", False
            ):
                ctx = ExceptionContextImpl(
                    e,
                    sqlalchemy_exception,
                    self.engine,
                    self.dialect,
                    self,
                    cursor,
                    statement,
                    parameters,
                    context,
                    self._is_disconnect,
                    invalidate_pool_on_disconnect,
                    False,
                )
    
                for fn in self.dialect.dispatch.handle_error:
                    try:
                        # handler returns an exception;
                        # call next handler in a chain
                        per_fn = fn(ctx)
                        if per_fn is not None:
                            ctx.chained_exception = newraise = per_fn
                    except Exception as _raised:
                        # handler raises an exception - stop processing
                        newraise = _raised
                        break
    
                if self._is_disconnect != ctx.is_disconnect:
                    self._is_disconnect = ctx.is_disconnect
                    if sqlalchemy_exception:
                        sqlalchemy_exception.connection_invalidated = (
                            ctx.is_disconnect
                        )
    
                # set up potentially user-defined value for
                # invalidate pool.
                invalidate_pool_on_disconnect = (
                    ctx.invalidate_pool_on_disconnect
                )
    
            if should_wrap and context:
                context.handle_dbapi_exception(e)
    
            if not self._is_disconnect:
                if cursor:
                    self._safe_close_cursor(cursor)
                # "autorollback" was mostly relevant in 1.x series.
                # It's very unlikely to reach here, as the connection
                # does autobegin so when we are here, we are usually
                # in an explicit / semi-explicit transaction.
                # however we have a test which manufactures this
                # scenario in any case using an event handler.
                # test/engine/test_execute.py-> test_actual_autorollback
                if not self.in_transaction():
                    self._rollback_impl()
    
            if newraise:
                raise newraise.with_traceback(exc_info[2]) from e
            elif should_wrap:
                assert sqlalchemy_exception is not None
                raise sqlalchemy_exception.with_traceback(exc_info[2]) from e
            else:
                assert exc_info[1] is not None
>               raise exc_info[1].with_traceback(exc_info[2])

.venv\Lib\site-packages\sqlalchemy\engine\base.py:2366: 
_ _ _ _ _ _ _ _ _ _ _ _ _ _ _ _ _ _ _ _ _ _ _ _ _ _ _ _ _ _ _ _ _ _ _ _ _ _ _ _

self = <sqlalchemy.engine.base.Connection object at 0x000001BE42598530>
dialect = <sqlalchemy.dialects.postgresql.asyncpg.PGDialect_asyncpg object at 0x000001BE425165D0>
context = <sqlalchemy.dialects.postgresql.asyncpg.PGExecutionContext_asyncpg object at 0x000001BE42599BE0>
statement = <sqlalchemy.dialects.postgresql.asyncpg.PGCompiler_asyncpg object at 0x000001BE425992B0>
parameters = [('file_references', 'r', 'p', 'f', 'v', 'm', ...)]

    def _exec_single_context(
        self,
        dialect: Dialect,
        context: ExecutionContext,
        statement: Union[str, Compiled],
        parameters: Optional[_AnyMultiExecuteParams],
    ) -> CursorResult[Any]:
        """continue the _execute_context() method for a single DBAPI
        cursor.execute() or cursor.executemany() call.
    
        """
        if dialect.bind_typing is BindTyping.SETINPUTSIZES:
            generic_setinputsizes = context._prepare_set_input_sizes()
    
            if generic_setinputsizes:
                try:
                    dialect.do_set_input_sizes(
                        context.cursor, generic_setinputsizes, context
                    )
                except BaseException as e:
                    self._handle_dbapi_exception(
                        e, str(statement), parameters, None, context
                    )
    
        cursor, str_statement, parameters = (
            context.cursor,
            context.statement,
            context.parameters,
        )
    
        effective_parameters: Optional[_AnyExecuteParams]
    
        if not context.executemany:
            effective_parameters = parameters[0]
        else:
            effective_parameters = parameters
    
        if self._has_events or self.engine._has_events:
            for fn in self.dispatch.before_cursor_execute:
                str_statement, effective_parameters = fn(
                    self,
                    cursor,
                    str_statement,
                    effective_parameters,
                    context,
                    context.executemany,
                )
    
        if self._echo:
            self._log_info(str_statement)
    
            stats = context._get_cache_stats()
    
            if not self.engine.hide_parameters:
                self._log_info(
                    "[%s] %r",
                    stats,
                    sql_util._repr_params(
                        effective_parameters,
                        batches=10,
                        ismulti=context.executemany,
                    ),
                )
            else:
                self._log_info(
                    "[%s] [SQL parameters hidden due to hide_parameters=True]",
                    stats,
                )
    
        evt_handled: bool = False
        try:
            if context.execute_style is ExecuteStyle.EXECUTEMANY:
                effective_parameters = cast(
                    "_CoreMultiExecuteParams", effective_parameters
                )
                if self.dialect._has_events:
                    for fn in self.dialect.dispatch.do_executemany:
                        if fn(
                            cursor,
                            str_statement,
                            effective_parameters,
                            context,
                        ):
                            evt_handled = True
                            break
                if not evt_handled:
                    self.dialect.do_executemany(
                        cursor,
                        str_statement,
                        effective_parameters,
                        context,
                    )
            elif not effective_parameters and context.no_parameters:
                if self.dialect._has_events:
                    for fn in self.dialect.dispatch.do_execute_no_params:
                        if fn(cursor, str_statement, context):
                            evt_handled = True
                            break
                if not evt_handled:
                    self.dialect.do_execute_no_params(
                        cursor, str_statement, context
                    )
            else:
                effective_parameters = cast(
                    "_CoreSingleExecuteParams", effective_parameters
                )
                if self.dialect._has_events:
                    for fn in self.dialect.dispatch.do_execute:
                        if fn(
                            cursor,
                            str_statement,
                            effective_parameters,
                            context,
                        ):
                            evt_handled = True
                            break
                if not evt_handled:
>                   self.dialect.do_execute(
                        cursor, str_statement, effective_parameters, context
                    )

.venv\Lib\site-packages\sqlalchemy\engine\base.py:1967: 
_ _ _ _ _ _ _ _ _ _ _ _ _ _ _ _ _ _ _ _ _ _ _ _ _ _ _ _ _ _ _ _ _ _ _ _ _ _ _ _

self = <sqlalchemy.dialects.postgresql.asyncpg.PGDialect_asyncpg object at 0x000001BE425165D0>
cursor = <sqlalchemy.dialects.postgresql.asyncpg.AsyncAdapt_asyncpg_cursor object at 0x000001BE42512860>
statement = 'SELECT pg_catalog.pg_class.relname \nFROM pg_catalog.pg_class JOIN pg_catalog.pg_namespace ON pg_catalog.pg_namespace...RCHAR]) AND pg_catalog.pg_table_is_visible(pg_catalog.pg_class.oid) AND pg_catalog.pg_namespace.nspname != $7::VARCHAR'
parameters = ('file_references', 'r', 'p', 'f', 'v', 'm', ...)
context = <sqlalchemy.dialects.postgresql.asyncpg.PGExecutionContext_asyncpg object at 0x000001BE42599BE0>

    def do_execute(self, cursor, statement, parameters, context=None):
>       cursor.execute(statement, parameters)

.venv\Lib\site-packages\sqlalchemy\engine\default.py:952: 
_ _ _ _ _ _ _ _ _ _ _ _ _ _ _ _ _ _ _ _ _ _ _ _ _ _ _ _ _ _ _ _ _ _ _ _ _ _ _ _

self = <sqlalchemy.dialects.postgresql.asyncpg.AsyncAdapt_asyncpg_cursor object at 0x000001BE42512860>
operation = 'SELECT pg_catalog.pg_class.relname \nFROM pg_catalog.pg_class JOIN pg_catalog.pg_namespace ON pg_catalog.pg_namespace...RCHAR]) AND pg_catalog.pg_table_is_visible(pg_catalog.pg_class.oid) AND pg_catalog.pg_namespace.nspname != $7::VARCHAR'
parameters = ('file_references', 'r', 'p', 'f', 'v', 'm', ...)

    def execute(self, operation, parameters=None):
>       self._adapt_connection.await_(
            self._prepare_and_execute(operation, parameters)
        )

.venv\Lib\site-packages\sqlalchemy\dialects\postgresql\asyncpg.py:585: 
_ _ _ _ _ _ _ _ _ _ _ _ _ _ _ _ _ _ _ _ _ _ _ _ _ _ _ _ _ _ _ _ _ _ _ _ _ _ _ _

awaitable = <coroutine object AsyncAdapt_asyncpg_cursor._prepare_and_execute at 0x000001BE424BA260>

    def await_only(awaitable: Awaitable[_T]) -> _T:
        """Awaits an async function in a sync method.
    
        The sync method must be inside a :func:`greenlet_spawn` context.
        :func:`await_only` calls cannot be nested.
    
        :param awaitable: The coroutine to call.
    
        """
        # this is called in the context greenlet while running fn
        current = getcurrent()
        if not getattr(current, "__sqlalchemy_greenlet_provider__", False):
            _safe_cancel_awaitable(awaitable)
    
            raise exc.MissingGreenlet(
                "greenlet_spawn has not been called; can't call await_only() "
                "here. Was IO attempted in an unexpected place?"
            )
    
        # returns the control to the driver greenlet passing it
        # a coroutine to run. Once the awaitable is done, the driver greenlet
        # switches back to this greenlet with the result of awaitable that is
        # then returned to the caller (or raised as error)
>       return current.parent.switch(awaitable)  # type: ignore[no-any-return,attr-defined] # noqa: E501
               ^^^^^^^^^^^^^^^^^^^^^^^^^^^^^^^^

.venv\Lib\site-packages\sqlalchemy\util\_concurrency_py3k.py:132: 
_ _ _ _ _ _ _ _ _ _ _ _ _ _ _ _ _ _ _ _ _ _ _ _ _ _ _ _ _ _ _ _ _ _ _ _ _ _ _ _

fn = <bound method MetaData.create_all of MetaData()>, _require_await = False
args = (<sqlalchemy.engine.base.Connection object at 0x000001BE42598530>,)
kwargs = {}
context = <_AsyncIoGreenlet object at 0x000001BE425B89C0 (otid=0x000001BE40C78E40) dead>
switch_occurred = True
result = <coroutine object AsyncAdapt_asyncpg_cursor._prepare_and_execute at 0x000001BE424BA260>

    async def greenlet_spawn(
        fn: Callable[..., _T],
        *args: Any,
        _require_await: bool = False,
        **kwargs: Any,
    ) -> _T:
        """Runs a sync function ``fn`` in a new greenlet.
    
        The sync function can then use :func:`await_only` to wait for async
        functions.
    
        :param fn: The sync callable to call.
        :param \\*args: Positional arguments to pass to the ``fn`` callable.
        :param \\*\\*kwargs: Keyword arguments to pass to the ``fn`` callable.
        """
    
        result: Any
        context = _AsyncIoGreenlet(fn, getcurrent())
        # runs the function synchronously in gl greenlet. If the execution
        # is interrupted by await_only, context is not dead and result is a
        # coroutine to wait. If the context is dead the function has
        # returned, and its result can be returned.
        switch_occurred = False
        result = context.switch(*args, **kwargs)
        while not context.dead:
            switch_occurred = True
            try:
                # wait for a coroutine from await_only and then return its
                # result back to it.
>               value = await result
                        ^^^^^^^^^^^^

.venv\Lib\site-packages\sqlalchemy\util\_concurrency_py3k.py:196: 
_ _ _ _ _ _ _ _ _ _ _ _ _ _ _ _ _ _ _ _ _ _ _ _ _ _ _ _ _ _ _ _ _ _ _ _ _ _ _ _

self = <sqlalchemy.dialects.postgresql.asyncpg.AsyncAdapt_asyncpg_cursor object at 0x000001BE42512860>
operation = 'SELECT pg_catalog.pg_class.relname \nFROM pg_catalog.pg_class JOIN pg_catalog.pg_namespace ON pg_catalog.pg_namespace...RCHAR]) AND pg_catalog.pg_table_is_visible(pg_catalog.pg_class.oid) AND pg_catalog.pg_namespace.nspname != $7::VARCHAR'
parameters = ('file_references', 'r', 'p', 'f', 'v', 'm', ...)

    async def _prepare_and_execute(self, operation, parameters):
        adapt_connection = self._adapt_connection
    
        async with adapt_connection._execute_mutex:
            if not adapt_connection._started:
>               await adapt_connection._start_transaction()

.venv\Lib\site-packages\sqlalchemy\dialects\postgresql\asyncpg.py:520: 
_ _ _ _ _ _ _ _ _ _ _ _ _ _ _ _ _ _ _ _ _ _ _ _ _ _ _ _ _ _ _ _ _ _ _ _ _ _ _ _

self = <AdaptedConnection <asyncpg.connection.Connection object at 0x000001BE4251A8A0>>

    async def _start_transaction(self):
        if self.isolation_level == "autocommit":
            return
    
        try:
            self._transaction = self._connection.transaction(
                isolation=self.isolation_level,
                readonly=self.readonly,
                deferrable=self.deferrable,
            )
            await self._transaction.start()
        except Exception as error:
>           self._handle_exception(error)

.venv\Lib\site-packages\sqlalchemy\dialects\postgresql\asyncpg.py:850: 
_ _ _ _ _ _ _ _ _ _ _ _ _ _ _ _ _ _ _ _ _ _ _ _ _ _ _ _ _ _ _ _ _ _ _ _ _ _ _ _

self = <AdaptedConnection <asyncpg.connection.Connection object at 0x000001BE4251A8A0>>
error = RuntimeError("Task <Task pending name='Task-5' coro=<_wrap_asyncgen_fixture.<locals>._asyncgen_fixture_wrapper.<locals...ase_events.py:181]> got Future <Future pending cb=[BaseProtocol._on_waiter_completed()]> attached to a different loop")

    def _handle_exception(self, error):
        if self._connection.is_closed():
            self._transaction = None
            self._started = False
    
        if not isinstance(error, AsyncAdapt_asyncpg_dbapi.Error):
            exception_mapping = self.dbapi._asyncpg_error_translate
    
            for super_ in type(error).__mro__:
                if super_ in exception_mapping:
                    translated_error = exception_mapping[super_](
                        "%s: %s" % (type(error), error)
                    )
                    translated_error.pgcode = translated_error.sqlstate = (
                        getattr(error, "sqlstate", None)
                    )
                    raise translated_error from error
            else:
>               raise error

.venv\Lib\site-packages\sqlalchemy\dialects\postgresql\asyncpg.py:799: 
_ _ _ _ _ _ _ _ _ _ _ _ _ _ _ _ _ _ _ _ _ _ _ _ _ _ _ _ _ _ _ _ _ _ _ _ _ _ _ _

self = <AdaptedConnection <asyncpg.connection.Connection object at 0x000001BE4251A8A0>>

    async def _start_transaction(self):
        if self.isolation_level == "autocommit":
            return
    
        try:
            self._transaction = self._connection.transaction(
                isolation=self.isolation_level,
                readonly=self.readonly,
                deferrable=self.deferrable,
            )
>           await self._transaction.start()

.venv\Lib\site-packages\sqlalchemy\dialects\postgresql\asyncpg.py:848: 
_ _ _ _ _ _ _ _ _ _ _ _ _ _ _ _ _ _ _ _ _ _ _ _ _ _ _ _ _ _ _ _ _ _ _ _ _ _ _ _

self = <asyncpg.Transaction state:failed 0x1be424153f0>

    @connresource.guarded
    async def start(self):
        """Enter the transaction or savepoint block."""
        self.__check_state_base('start')
        if self._state is TransactionState.STARTED:
            raise apg_errors.InterfaceError(
                'cannot start; the transaction is already started')
    
        con = self._connection
    
        if con._top_xact is None:
            if con._protocol.is_in_transaction():
                raise apg_errors.InterfaceError(
                    'cannot use Connection.transaction() in '
                    'a manually started transaction')
            con._top_xact = self
        else:
            # Nested transaction block
            if self._isolation:
                top_xact_isolation = con._top_xact._isolation
                if top_xact_isolation is None:
                    top_xact_isolation = ISOLATION_LEVELS_BY_VALUE[
                        await self._connection.fetchval(
                            'SHOW transaction_isolation;')]
                if self._isolation != top_xact_isolation:
                    raise apg_errors.InterfaceError(
                        'nested transaction has a different isolation level: '
                        'current {!r} != outer {!r}'.format(
                            self._isolation, top_xact_isolation))
            self._nested = True
    
        if self._nested:
            self._id = con._get_unique_id('savepoint')
            query = 'SAVEPOINT {};'.format(self._id)
        else:
            query = 'BEGIN'
            if self._isolation == 'read_committed':
                query += ' ISOLATION LEVEL READ COMMITTED'
            elif self._isolation == 'read_uncommitted':
                query += ' ISOLATION LEVEL READ UNCOMMITTED'
            elif self._isolation == 'repeatable_read':
                query += ' ISOLATION LEVEL REPEATABLE READ'
            elif self._isolation == 'serializable':
                query += ' ISOLATION LEVEL SERIALIZABLE'
            if self._readonly:
                query += ' READ ONLY'
            if self._deferrable:
                query += ' DEFERRABLE'
            query += ';'
    
        try:
>           await self._connection.execute(query)

.venv\Lib\site-packages\asyncpg\transaction.py:146: 
_ _ _ _ _ _ _ _ _ _ _ _ _ _ _ _ _ _ _ _ _ _ _ _ _ _ _ _ _ _ _ _ _ _ _ _ _ _ _ _

self = <asyncpg.connection.Connection object at 0x000001BE4251A8A0>
query = 'BEGIN;', timeout = None, args = ()

    async def execute(
        self,
        query: str,
        *args,
        timeout: typing.Optional[float]=None,
    ) -> str:
        """Execute an SQL command (or commands).
    
        This method can execute many SQL commands at once, when no arguments
        are provided.
    
        Example:
    
        .. code-block:: pycon
    
            >>> await con.execute('''
            ...     CREATE TABLE mytab (a int);
            ...     INSERT INTO mytab (a) VALUES (100), (200), (300);
            ... ''')
            INSERT 0 3
    
            >>> await con.execute('''
            ...     INSERT INTO mytab (a) VALUES ($1), ($2)
            ... ''', 10, 20)
            INSERT 0 2
    
        :param args: Query arguments.
        :param float timeout: Optional timeout value in seconds.
        :return str: Status of the last SQL command.
    
        .. versionchanged:: 0.5.4
           Made it possible to pass query arguments.
        """
        self._check_open()
    
        if not args:
            if self._query_loggers:
                with self._time_and_log(query, args, timeout):
                    result = await self._protocol.query(query, timeout)
            else:
>               result = await self._protocol.query(query, timeout)
                         ^^^^^^^^^^^^^^^^^^^^^^^^^^^^^^^^^^^^^^^^^^

.venv\Lib\site-packages\asyncpg\connection.py:354: 
_ _ _ _ _ _ _ _ _ _ _ _ _ _ _ _ _ _ _ _ _ _ _ _ _ _ _ _ _ _ _ _ _ _ _ _ _ _ _ _

>   ???
E   RuntimeError: Task <Task pending name='Task-5' coro=<_wrap_asyncgen_fixture.<locals>._asyncgen_fixture_wrapper.<locals>.setup() running at C:\PROJECTS\eden-framework\.venv\Lib\site-packages\pytest_asyncio\plugin.py:309> cb=[_run_until_complete_cb() at C:\Users\COBBY\AppData\Roaming\uv\python\cpython-3.12.12-windows-x86_64-none\Lib\asyncio\base_events.py:181]> got Future <Future pending cb=[BaseProtocol._on_waiter_completed()]> attached to a different loop

asyncpg/protocol/protocol.pyx:369: RuntimeError
---------------------------- Captured stdout setup ----------------------------
DEBUG: Running create_all in module setup_db for C:\PROJECTS\eden-framework\tests\test_orm_form_integration.py
=========================== short test summary info ===========================
ERROR tests/test_orm_form_integration.py::test_form_metadata_propagation - Ru...
============================== 1 error in 2.17s ===============================
