============================= test session starts =============================
platform win32 -- Python 3.12.12, pytest-9.0.2, pluggy-1.6.0 -- C:\PROJECTS\eden-framework\.venv\Scripts\python.exe
cachedir: .pytest_cache
rootdir: C:\PROJECTS\eden-framework
configfile: pyproject.toml
testpaths: tests
plugins: anyio-4.12.1, asyncio-1.3.0
asyncio: mode=Mode.AUTO, debug=False, asyncio_default_fixture_loop_scope=None, asyncio_default_test_loop_scope=session
collecting ... collected 1055 items / 1 skipped

tests/audit/test_auth_resilience.py::test_auth_middleware_failure_resilience PASSED [  0%]
tests/audit/test_auth_resilience.py::test_auth_middleware_all_failing PASSED [  0%]
tests/audit/test_orm_isolation.py::test_engine_reuse_for_isolation_levels PASSED [  0%]
tests/audit/test_orm_isolation.py::test_isolation_level_actually_applied PASSED [  0%]
tests/audit/test_orm_joins.py::test_auto_join_involvement ERROR          [  0%]
tests/audit/test_orm_joins.py::test_auto_join_performance ERROR          [  0%]
tests/audit/test_orm_security.py::test_orm_lookup_sql_injection ERROR    [  0%]
tests/audit/test_orm_security.py::test_orm_q_object_injection ERROR      [  0%]
tests/audit/test_orm_security.py::test_orm_raw_expression_bypass ERROR   [  0%]
tests/audit/test_rbac_isolation.py::test_rbac_isolation_read ERROR       [  0%]
tests/audit/test_rbac_isolation.py::test_rbac_bypass_attempt ERROR       [  1%]
tests/audit/test_session_hygiene.py::test_session_middleware_not_present_without_secret PASSED [  1%]
tests/audit/test_session_hygiene.py::test_session_middleware_present_with_secret PASSED [  1%]
tests/audit/test_session_hygiene.py::test_cors_default_allow_none PASSED [  1%]
tests/audit/test_telemetry_accuracy.py::test_telemetry_duration_and_counts PASSED [  1%]
tests/audit/test_telemetry_accuracy.py::test_memory_tracking_present PASSED [  1%]
tests/audit/test_telemetry_accuracy.py::test_telemetry_header_injection PASSED [  1%]
tests/audit/test_tenancy_isolation.py::test_tenant_isolation_basic ERROR [  1%]
tests/audit/test_tenancy_isolation.py::test_tenant_leakage_on_missing_context ERROR [  1%]
tests/audit/test_tenancy_isolation.py::test_tenant_bypass_manual_where ERROR [  1%]
tests/test_admin.py::TestModelAdmin::test_default_values PASSED          [  1%]
tests/test_admin.py::TestModelAdmin::test_custom_values PASSED           [  2%]
tests/test_admin.py::TestModelAdmin::test_verbose_name PASSED            [  2%]
tests/test_admin.py::TestModelAdmin::test_custom_verbose_name PASSED     [  2%]
tests/test_admin.py::TestAdminSite::test_register_model PASSED           [  2%]
tests/test_admin.py::TestAdminSite::test_register_with_custom_admin PASSED [  2%]
tests/test_admin.py::TestAdminSite::test_unregister PASSED               [  2%]
tests/test_admin.py::TestAdminSite::test_get_registry PASSED             [  2%]
tests/test_admin.py::TestAdminSite::test_register_as_decorator PASSED    [  2%]
tests/test_admin.py::TestAdminSite::test_global_admin_instance PASSED    [  2%]
tests/test_admin_advanced.py::test_admin_add_view PASSED                 [  2%]
tests/test_admin_advanced.py::test_admin_edit_view_logic FAILED          [  3%]
tests/test_admin_options.py::test_get_list_display PASSED                [  3%]
tests/test_admin_options.py::test_get_form_fields PASSED                 [  3%]
tests/test_admin_options.py::test_get_verbose_name PASSED                [  3%]
tests/test_admin_options.py::test_get_verbose_name_plural PASSED         [  3%]
tests/test_admin_options.py::test_get_list_header_stats PASSED           [  3%]
tests/test_audit_integration.py::TestImportCleanliness::test_top_level_import_succeeds PASSED [  3%]
tests/test_audit_integration.py::TestImportCleanliness::test_all_exports_are_importable PASSED [  3%]
tests/test_audit_integration.py::TestImportCleanliness::test_no_circular_imports PASSED [  3%]
tests/test_audit_integration.py::TestImportCleanliness::test_core_classes_exist PASSED [  3%]
tests/test_audit_integration.py::TestImportCleanliness::test_response_shortcuts_exist PASSED [  3%]
tests/test_audit_integration.py::TestImportCleanliness::test_orm_utilities_importable PASSED [  4%]
tests/test_audit_integration.py::TestImportCleanliness::test_exception_hierarchy PASSED [  4%]
tests/test_audit_integration.py::TestImportCleanliness::test_validator_imports PASSED [  4%]
tests/test_audit_integration.py::TestEdenApp::test_eden_instantiation PASSED [  4%]
tests/test_audit_integration.py::TestEdenApp::test_eden_sets_context PASSED [  4%]
tests/test_audit_integration.py::TestEdenApp::test_route_registration PASSED [  4%]
tests/test_audit_integration.py::TestEdenApp::test_all_http_methods_register PASSED [  4%]
tests/test_audit_integration.py::TestEdenApp::test_include_router PASSED [  4%]
tests/test_audit_integration.py::TestEdenApp::test_middleware_string_shorthand PASSED [  4%]
tests/test_audit_integration.py::TestEdenApp::test_middleware_class_registration PASSED [  4%]
tests/test_audit_integration.py::TestEdenApp::test_exception_handler_registration PASSED [  5%]
tests/test_audit_integration.py::TestEdenApp::test_startup_shutdown_hooks PASSED [  5%]
tests/test_audit_integration.py::TestEdenApp::test_build_returns_starlette_app PASSED [  5%]
tests/test_audit_integration.py::TestEdenApp::test_build_sets_eden_reference PASSED [  5%]
tests/test_audit_integration.py::TestRouting::test_router_prefix PASSED  [  5%]
tests/test_audit_integration.py::TestRouting::test_named_routes PASSED   [  5%]
tests/test_audit_integration.py::TestRouting::test_namespace_propagation PASSED [  5%]
tests/test_audit_integration.py::TestRouting::test_route_middleware_merge PASSED [  5%]
tests/test_audit_integration.py::TestRouting::test_to_starlette_routes PASSED [  5%]
tests/test_audit_integration.py::TestRouting::test_websocket_route PASSED [  5%]
tests/test_audit_integration.py::TestRouting::test_crud_router PASSED    [  5%]
tests/test_audit_integration.py::TestTemplating::test_extends_directive PASSED [  6%]
tests/test_audit_integration.py::TestTemplating::test_include_directive PASSED [  6%]
tests/test_audit_integration.py::TestTemplating::test_if_else_endif_directives PASSED [  6%]
tests/test_audit_integration.py::TestTemplating::test_for_loop_directive PASSED [  6%]
tests/test_audit_integration.py::TestTemplating::test_csrf_directive PASSED [  6%]
tests/test_audit_integration.py::TestTemplating::test_method_directive PASSED [  6%]
tests/test_audit_integration.py::TestTemplating::test_url_directive_simple PASSED [  6%]
tests/test_audit_integration.py::TestTemplating::test_url_directive_with_params PASSED [  6%]
tests/test_audit_integration.py::TestTemplating::test_url_directive_component PASSED [  6%]
tests/test_audit_integration.py::TestTemplating::test_section_directive PASSED [  6%]
tests/test_audit_integration.py::TestTemplating::test_yield_directive PASSED [  7%]
tests/test_audit_integration.py::TestTemplating::test_css_directive PASSED [  7%]
tests/test_audit_integration.py::TestTemplating::test_js_directive PASSED [  7%]
tests/test_audit_integration.py::TestTemplating::test_old_directive PASSED [  7%]
tests/test_audit_integration.py::TestTemplating::test_json_directive PASSED [  7%]
tests/test_audit_integration.py::TestTemplating::test_dump_directive PASSED [  7%]
tests/test_audit_integration.py::TestTemplating::test_auth_guest_directives PASSED [  7%]
tests/test_audit_integration.py::TestTemplating::test_htmx_directive PASSED [  7%]
tests/test_audit_integration.py::TestTemplating::test_checked_directive PASSED [  7%]
tests/test_audit_integration.py::TestTemplating::test_fragment_directive PASSED [  7%]
tests/test_audit_integration.py::TestTemplating::test_switch_case_directives PASSED [  7%]
tests/test_audit_integration.py::TestTemplating::test_let_directive PASSED [  8%]
tests/test_audit_integration.py::TestTemplating::test_render_field_directive PASSED [  8%]
tests/test_audit_integration.py::TestComponents::test_component_registration PASSED [  8%]
tests/test_audit_integration.py::TestComponents::test_action_decorator PASSED [  8%]
tests/test_audit_integration.py::TestComponents::test_action_url_generation PASSED [  8%]
tests/test_audit_integration.py::TestComponents::test_component_get_state PASSED [  8%]
tests/test_audit_integration.py::TestComponents::test_get_component_router_routes PASSED [  8%]
tests/test_audit_integration.py::TestResponses::test_json_response PASSED [  8%]
tests/test_audit_integration.py::TestResponses::test_html_response PASSED [  8%]
tests/test_audit_integration.py::TestResponses::test_redirect_response PASSED [  8%]
tests/test_audit_integration.py::TestResponses::test_safe_redirect_blocks_external PASSED [  9%]
tests/test_audit_integration.py::TestResponses::test_safe_redirect_allows_local PASSED [  9%]
tests/test_audit_integration.py::TestResponses::test_safe_redirect_blocks_double_slash PASSED [  9%]
tests/test_audit_integration.py::TestResponses::test_json_shortcut PASSED [  9%]
tests/test_audit_integration.py::TestResponses::test_html_shortcut PASSED [  9%]
tests/test_audit_integration.py::TestResponses::test_pydantic_serialization PASSED [  9%]
tests/test_audit_integration.py::TestContext::test_set_get_request PASSED [  9%]
tests/test_audit_integration.py::TestContext::test_set_get_user PASSED   [  9%]
tests/test_audit_integration.py::TestContext::test_proxy_raises_on_empty_context PASSED [  9%]
tests/test_audit_integration.py::TestContext::test_proxy_delegates_to_real_object PASSED [  9%]
tests/test_audit_integration.py::TestExceptions::test_exception_defaults PASSED [  9%]
tests/test_audit_integration.py::TestExceptions::test_exception_custom_detail PASSED [ 10%]
tests/test_audit_integration.py::TestExceptions::test_exception_to_dict PASSED [ 10%]
tests/test_audit_integration.py::TestExceptions::test_validation_error_with_errors PASSED [ 10%]
tests/test_audit_integration.py::TestForms::test_schema_validation_valid PASSED [ 10%]
tests/test_audit_integration.py::TestForms::test_schema_validation_invalid PASSED [ 10%]
tests/test_audit_integration.py::TestForms::test_form_field_rendering PASSED [ 10%]
tests/test_audit_integration.py::TestForms::test_form_field_textarea PASSED [ 10%]
tests/test_audit_integration.py::TestForms::test_form_field_select PASSED [ 10%]
tests/test_audit_integration.py::TestForms::test_form_iteration PASSED   [ 10%]
tests/test_audit_integration.py::TestForms::test_form_field_error_class PASSED [ 10%]
tests/test_audit_integration.py::TestMiddleware::test_middleware_registry PASSED [ 10%]
tests/test_audit_integration.py::TestMiddleware::test_csrf_safe_methods PASSED [ 11%]
tests/test_audit_integration.py::TestMiddleware::test_security_headers_defaults PASSED [ 11%]
tests/test_audit_integration.py::TestMiddleware::test_limiter_parse PASSED [ 11%]
tests/test_audit_integration.py::TestWebSocket::test_connection_manager PASSED [ 11%]
tests/test_audit_integration.py::TestWebSocket::test_websocket_router_event_registration PASSED [ 11%]
tests/test_audit_integration.py::TestWebSocket::test_websocket_router_lifecycle_hooks PASSED [ 11%]
tests/test_audit_integration.py::TestWebSocket::test_realtime_manager_singleton PASSED [ 11%]
tests/test_audit_integration.py::TestCrossModuleIntegration::test_eden_build_includes_component_routes PASSED [ 11%]
tests/test_audit_integration.py::TestCrossModuleIntegration::test_eden_build_includes_sync_websocket PASSED [ 11%]
tests/test_audit_integration.py::TestCrossModuleIntegration::test_router_generates_starlette_compatible_routes PASSED [ 11%]
tests/test_audit_integration.py::TestCrossModuleIntegration::test_eden_templates_property PASSED [ 12%]
tests/test_audit_integration.py::TestCrossModuleIntegration::test_middleware_functional_registration PASSED [ 12%]
tests/test_audit_integration.py::TestValidators::test_email_validation PASSED [ 12%]
tests/test_audit_integration.py::TestValidators::test_url_validation PASSED [ 12%]
tests/test_audit_integration.py::TestValidators::test_slug_validation PASSED [ 12%]
tests/test_audit_integration.py::TestValidators::test_phone_validation PASSED [ 12%]
tests/test_audit_integration.py::TestValidators::test_password_validation PASSED [ 12%]
tests/test_auth.py::test_password_hashing PASSED                         [ 12%]
tests/test_auth.py::test_hasher_needs_rehash PASSED                      [ 12%]
tests/test_auth.py::test_user_model_password FAILED                      [ 12%]
tests/test_auth.py::test_jwt_backend_tokens PASSED                       [ 12%]
tests/test_auth.py::test_auth_decorators_logic PASSED                    [ 13%]
tests/test_auth_audit.py::test_user_model_registry PASSED                [ 13%]
tests/test_auth_audit.py::test_hashing_registry PASSED                   [ 13%]
tests/test_auth_audit.py::test_rbac_deny_by_default PASSED               [ 13%]
tests/test_auth_audit.py::test_authorization_middleware PASSED           [ 13%]
tests/test_auth_audit.py::test_query_rbac FAILED                         [ 13%]
tests/test_auth_complete_layers.py::test_baseuser_password_hashing FAILED [ 13%]
tests/test_auth_complete_layers.py::test_baseuser_roles_and_permissions FAILED [ 13%]
tests/test_auth_complete_layers.py::test_baseuser_repr FAILED            [ 13%]
tests/test_auth_complete_layers.py::test_password_hashing_functions PASSED [ 13%]
tests/test_auth_complete_layers.py::test_argon2_hasher_needs_rehash PASSED [ 14%]
tests/test_auth_complete_layers.py::test_user_has_permission PASSED      [ 14%]
tests/test_auth_complete_layers.py::test_user_has_role PASSED            [ 14%]
tests/test_auth_complete_layers.py::test_user_has_any_permission PASSED  [ 14%]
tests/test_auth_complete_layers.py::test_user_has_any_role PASSED        [ 14%]
tests/test_auth_complete_layers.py::test_oauth_provider_creation PASSED  [ 14%]
tests/test_auth_complete_layers.py::test_oauth_manager_register_google PASSED [ 14%]
tests/test_auth_complete_layers.py::test_oauth_manager_register_github PASSED [ 14%]
tests/test_auth_complete_layers.py::test_jwt_backend_creates_tokens PASSED [ 14%]
tests/test_auth_complete_layers.py::test_session_backend_login_logout PASSED [ 14%]
tests/test_auth_complete_layers.py::test_api_key_backend_extraction PASSED [ 14%]
tests/test_auth_complete_layers.py::test_login_required_decorator PASSED [ 15%]
tests/test_auth_complete_layers.py::test_roles_required_decorator PASSED [ 15%]
tests/test_auth_complete_layers.py::test_permission_required_decorator PASSED [ 15%]
tests/test_auth_complete_layers.py::test_is_authorized_decorator PASSED  [ 15%]
tests/test_auth_complete_layers.py::test_rbac_hierarchy PASSED           [ 15%]
tests/test_auth_complete_layers.py::test_apikey_prefix_obfuscation PASSED [ 15%]
tests/test_auth_complete_layers.py::test_auth_module_exports PASSED      [ 15%]
tests/test_auth_critical_fixes.py::test_user_model_exported PASSED       [ 15%]
tests/test_auth_critical_fixes.py::test_baseuser_has_password_methods PASSED [ 15%]
tests/test_auth_critical_fixes.py::test_password_hashing_exported PASSED [ 15%]
tests/test_auth_critical_fixes.py::test_password_hasher_configured PASSED [ 16%]
tests/test_auth_critical_fixes.py::test_password_hashing_works PASSED    [ 16%]
tests/test_auth_critical_fixes.py::test_rbac_exported PASSED             [ 16%]
tests/test_auth_critical_fixes.py::test_rbac_roles_and_permissions PASSED [ 16%]
tests/test_auth_critical_fixes.py::test_query_filtering_exported PASSED  [ 16%]
tests/test_auth_critical_fixes.py::test_user_permission_checking PASSED  [ 16%]
tests/test_auth_critical_fixes.py::test_oauth_manager_exported PASSED    [ 16%]
tests/test_auth_critical_fixes.py::test_oauth_manager_instantiation PASSED [ 16%]
tests/test_auth_critical_fixes.py::test_oauth_provider_configuration PASSED [ 16%]
tests/test_auth_critical_fixes.py::test_permission_decorators_exported PASSED [ 16%]
tests/test_auth_critical_fixes.py::test_authentication_middleware_exported PASSED [ 16%]
tests/test_auth_critical_fixes.py::test_complete_login_required_alias PASSED [ 17%]
tests/test_auth_critical_fixes.py::test_permission_decorator_enforces_permission PASSED [ 17%]
tests/test_auth_critical_fixes.py::test_role_decorator_enforces_role PASSED [ 17%]
tests/test_auth_critical_fixes.py::test_all_auth_exports_available PASSED [ 17%]
tests/test_auth_critical_fixes.py::test_summary PASSED                   [ 17%]
tests/test_auth_passwords.py::test_generate_and_verify_token PASSED      [ 17%]
tests/test_auth_passwords.py::test_verify_expired_token PASSED           [ 17%]
tests/test_auth_passwords.py::test_verify_invalid_token PASSED           [ 17%]
tests/test_auth_passwords.py::test_verify_wrong_secret PASSED            [ 17%]
tests/test_auth_rbac.py::test_rbac_hierarchy PASSED                      [ 17%]
tests/test_auth_rbac.py::test_has_permission PASSED                      [ 18%]
tests/test_auth_rbac.py::test_require_permission_decorator PASSED        [ 18%]
tests/test_auth_rbac_ownership.py::test_rbac_allow_owner_isolation FAILED [ 18%]
tests/test_auth_rbac_ownership.py::test_rbac_allow_roles FAILED          [ 18%]
tests/test_auth_unlink.py::test_oauth_unlink_security_guard PASSED       [ 18%]
tests/test_background_tasks.py::test_task_decorator_and_defer PASSED     [ 18%]
tests/test_background_tasks.py::test_task_schedule PASSED                [ 18%]
tests/test_cache.py::test_cache_view_decorator PASSED                    [ 18%]
tests/test_cache.py::test_cache_view_vary_on_user PASSED                 [ 18%]
tests/test_component_security.py::test_component_signature_verification PASSED [ 18%]
tests/test_components.py::TestFormFieldWidgetTweaks::test_set_attr_alias PASSED [ 18%]
tests/test_components.py::TestFormFieldWidgetTweaks::test_remove_class PASSED [ 19%]
tests/test_components.py::TestFormFieldWidgetTweaks::test_remove_attr PASSED [ 19%]
tests/test_components.py::TestFormFieldWidgetTweaks::test_add_error_attr_with_error PASSED [ 19%]
tests/test_components.py::TestFormFieldWidgetTweaks::test_add_error_attr_without_error PASSED [ 19%]
tests/test_components.py::TestFormFieldWidgetTweaks::test_field_type_property PASSED [ 19%]
tests/test_components.py::TestFormFieldWidgetTweaks::test_widget_type_property PASSED [ 19%]
tests/test_components.py::TestFormFieldWidgetTweaks::test_as_textarea PASSED [ 19%]
tests/test_components.py::TestFormFieldWidgetTweaks::test_as_select PASSED [ 19%]
tests/test_components.py::TestFormFieldWidgetTweaks::test_as_hidden PASSED [ 19%]
tests/test_components.py::TestFormFieldWidgetTweaks::test_immutable_chaining PASSED [ 19%]
tests/test_components.py::TestWidgetTweaksFilters::test_render_field_directive PASSED [ 20%]
tests/test_components.py::TestWidgetTweaksFilters::test_field_type_filter PASSED [ 20%]
tests/test_components.py::TestWidgetTweaksFilters::test_widget_type_filter PASSED [ 20%]
tests/test_components.py::TestBuiltinComponents::test_alert_renders PASSED [ 20%]
tests/test_components.py::TestBuiltinComponents::test_card_renders PASSED [ 20%]
tests/test_components.py::TestBuiltinComponents::test_badge_renders PASSED [ 20%]
tests/test_components.py::TestBuiltinComponents::test_avatar_renders PASSED [ 20%]
tests/test_components.py::TestBuiltinComponents::test_breadcrumb_renders PASSED [ 20%]
tests/test_components.py::TestBuiltinComponents::test_tooltip_renders PASSED [ 20%]
tests/test_components.py::TestBuiltinComponents::test_pagination_renders PASSED [ 20%]
tests/test_components.py::TestBuiltinComponents::test_progress_renders PASSED [ 20%]
tests/test_components.py::TestBuiltinComponents::test_stat_renders PASSED [ 21%]
tests/test_components.py::TestBuiltinComponents::test_spinner_renders PASSED [ 21%]
tests/test_components.py::TestBuiltinComponents::test_empty_state_renders PASSED [ 21%]
tests/test_components.py::TestBuiltinComponents::test_data_table_renders PASSED [ 21%]
tests/test_components.py::TestComponentStateManagement::test_component_init_with_state PASSED [ 21%]
tests/test_components.py::TestComponentStateManagement::test_component_init_with_defaults PASSED [ 21%]
tests/test_components.py::TestComponentStateManagement::test_get_context_data_includes_state PASSED [ 21%]
tests/test_components.py::TestComponentStateManagement::test_get_context_data_includes_helpers PASSED [ 21%]
tests/test_components.py::TestComponentStateManagement::test_get_context_data_override_with_kwargs PASSED [ 21%]
tests/test_components.py::TestComponentStateManagement::test_get_state_simple_types PASSED [ 21%]
tests/test_components.py::TestComponentStateManagement::test_get_state_excludes_complex_types PASSED [ 21%]
tests/test_components.py::TestComponentStateManagement::test_get_state_excludes_private_attributes PASSED [ 22%]
tests/test_components.py::TestComponentStateManagement::test_get_hx_attrs_json_encoding PASSED [ 22%]
tests/test_components.py::TestComponentActions::test_action_marks_function PASSED [ 22%]
tests/test_components.py::TestComponentActions::test_action_default_slug PASSED [ 22%]
tests/test_components.py::TestComponentActions::test_action_custom_slug PASSED [ 22%]
tests/test_components.py::TestComponentActions::test_action_url_generation PASSED [ 22%]
tests/test_components.py::TestComponentActions::test_register_auto_discovers_actions PASSED [ 22%]
tests/test_components.py::TestComponentIntegration::test_counter_component_example PASSED [ 22%]
tests/test_components.py::TestComponentIntegration::test_todo_list_component_structure PASSED [ 22%]
tests/test_config_and_testing.py::TestConfigBasics::test_config_defaults PASSED [ 22%]
tests/test_config_and_testing.py::TestConfigBasics::test_config_env_enum PASSED [ 23%]
tests/test_config_and_testing.py::TestConfigBasics::test_config_debug_defaults_by_env PASSED [ 23%]
tests/test_config_and_testing.py::TestConfigBasics::test_config_database_url_defaults PASSED [ 23%]
tests/test_config_and_testing.py::TestConfigValidation::test_secret_key_required_in_prod PASSED [ 23%]
tests/test_config_and_testing.py::TestConfigValidation::test_secret_key_auto_generated_in_dev PASSED [ 23%]
tests/test_config_and_testing.py::TestConfigValidation::test_jwt_secret_defaults_to_secret_key PASSED [ 23%]
tests/test_config_and_testing.py::TestConfigValidation::test_jwt_secret_auto_generated PASSED [ 23%]
tests/test_config_and_testing.py::TestConfigValidation::test_database_url_required_in_prod PASSED [ 23%]
tests/test_config_and_testing.py::TestConfigEnvironmentVariables::test_config_from_envvars PASSED [ 23%]
tests/test_config_and_testing.py::TestConfigEnvironmentVariables::test_config_manager_loads_from_env PASSED [ 23%]
tests/test_config_and_testing.py::TestConfigEnvironmentVariables::test_config_manager_singleton PASSED [ 23%]
tests/test_config_and_testing.py::TestConfigEnvironmentVariables::test_get_config_convenience PASSED [ 24%]
tests/test_config_and_testing.py::TestConfigModes::test_is_dev PASSED    [ 24%]
tests/test_config_and_testing.py::TestConfigModes::test_is_test PASSED   [ 24%]
tests/test_config_and_testing.py::TestConfigModes::test_is_prod PASSED   [ 24%]
tests/test_config_and_testing.py::TestConfigSecrets::test_config_has_secret_fields PASSED [ 24%]
tests/test_config_and_testing.py::TestConfigSecrets::test_stripe_config_optional PASSED [ 24%]
tests/test_config_and_testing.py::TestConfigSecrets::test_aws_config_optional PASSED [ 24%]
tests/test_config_and_testing.py::TestConfigSecrets::test_redis_config_default PASSED [ 24%]
tests/test_config_and_testing.py::TestTestClientBasics::test_testclient_context_manager PASSED [ 24%]
tests/test_config_and_testing.py::TestTestClientBasics::test_testclient_get_request PASSED [ 24%]
tests/test_config_and_testing.py::TestTestClientBasics::test_testclient_post_request PASSED [ 25%]
tests/test_config_and_testing.py::TestTestClientContext::test_testclient_context_isolation FAILED [ 25%]
tests/test_config_and_testing.py::TestFixtures::test_user_factory FAILED [ 25%]
tests/test_config_and_testing.py::TestFixtures::test_user_factory_admin FAILED [ 25%]
tests/test_config_and_testing.py::TestFixtures::test_user_factory_batch FAILED [ 25%]
tests/test_config_and_testing.py::TestMockFixtures::test_mock_stripe PASSED [ 25%]
tests/test_config_and_testing.py::TestMockFixtures::test_mock_email PASSED [ 25%]
tests/test_config_and_testing.py::TestMockFixtures::test_mock_s3 PASSED  [ 25%]
tests/test_config_and_testing.py::TestPytestIntegration::test_markers_registered PASSED [ 25%]
tests/test_config_and_testing.py::TestConfigAndTestingIntegration::test_app_uses_config PASSED [ 25%]
tests/test_config_and_testing.py::TestConfigAndTestingIntegration::test_testclient_with_configured_app PASSED [ 25%]
tests/test_config_and_testing.py::test_config_documentation_example PASSED [ 26%]
tests/test_config_and_testing.py::test_testclient_documentation_example PASSED [ 26%]
tests/test_config_bootstrapping.py::test_config_population_into_state PASSED [ 26%]
tests/test_config_bootstrapping.py::test_bootstrapper_automatic_execution PASSED [ 26%]
tests/test_context_lifecycle.py::TestContextManagerBasic::test_on_request_start_initializes_context PASSED [ 26%]
tests/test_context_lifecycle.py::TestContextManagerBasic::test_on_request_end_clears_context PASSED [ 26%]
tests/test_context_lifecycle.py::TestContextManagerBasic::test_request_id_is_unique PASSED [ 26%]
tests/test_context_lifecycle.py::TestContextManagerBasic::test_set_user_updates_context PASSED [ 26%]
tests/test_context_lifecycle.py::TestContextManagerBasic::test_set_tenant_updates_context PASSED [ 26%]
tests/test_context_lifecycle.py::TestContextManagerBasic::test_on_request_end_is_idempotent PASSED [ 26%]
tests/test_context_lifecycle.py::TestContextIsolation::test_concurrent_requests_have_isolated_contexts PASSED [ 27%]
tests/test_context_lifecycle.py::TestContextIsolation::test_context_cleanup_after_exception PASSED [ 27%]
tests/test_context_lifecycle.py::TestContextMiddleware::test_context_middleware_is_applied PASSED [ 27%]
tests/test_context_lifecycle.py::TestContextMiddleware::test_middleware_initializes_context_for_request PASSED [ 27%]
tests/test_context_lifecycle.py::TestRunInContext::test_run_in_context_with_custom_context PASSED [ 27%]
tests/test_context_lifecycle.py::TestRunInContext::test_run_in_context_restores_previous_context PASSED [ 27%]
tests/test_context_lifecycle.py::TestContextIntegrationWithAuth::test_auth_middleware_pattern PASSED [ 27%]
tests/test_context_lifecycle.py::TestContextIntegrationWithAuth::test_multitenancy_pattern PASSED [ 27%]
tests/test_context_lifecycle.py::TestContextAPIConsistency::test_all_getters_return_none_for_unset_context PASSED [ 27%]
tests/test_context_lifecycle.py::TestContextAPIConsistency::test_context_values_are_accessible_via_multiple_approaches PASSED [ 27%]
tests/test_context_lifecycle.py::TestContextDocumentation::test_context_manager_has_docstrings PASSED [ 27%]
tests/test_context_lifecycle.py::TestContextDocumentation::test_lifecycle_methods_are_documented PASSED [ 28%]
tests/test_context_lifecycle.py::TestContextDocumentation::test_convenience_functions_are_documented PASSED [ 28%]
tests/test_core_integration.py::test_app_initialization PASSED           [ 28%]
tests/test_core_integration.py::test_database_isolation_part_1 FAILED    [ 28%]
tests/test_core_integration.py::test_database_isolation_part_2 FAILED    [ 28%]
tests/test_core_integration.py::test_client_request PASSED               [ 28%]
tests/test_core_integration.py::test_client_authentication PASSED        [ 28%]
tests/test_database.py::test_one_to_one_inference FAILED                 [ 28%]
tests/test_database.py::test_many_to_one_inference FAILED                [ 28%]
tests/test_debug_env.py::test_print_db_url PASSED                        [ 28%]
tests/test_dependencies.py::TestDependencyInjection::test_simple_dependency PASSED [ 29%]
tests/test_dependencies.py::TestDependencyInjection::test_nested_dependency PASSED [ 29%]
tests/test_dependencies.py::TestDependencyInjection::test_cached_dependency PASSED [ 29%]
tests/test_dependencies.py::TestDependencyInjection::test_generator_dependency PASSED [ 29%]
tests/test_dependencies.py::TestDependencyInjection::test_generator_cleanup PASSED [ 29%]
tests/test_design_system.py::TestUtilityFilters::test_truncate_short PASSED [ 29%]
tests/test_design_system.py::TestUtilityFilters::test_truncate_long PASSED [ 29%]
tests/test_design_system.py::TestUtilityFilters::test_truncate_custom_end PASSED [ 29%]
tests/test_design_system.py::TestUtilityFilters::test_slugify_basic PASSED [ 29%]
tests/test_design_system.py::TestUtilityFilters::test_slugify_special_chars PASSED [ 29%]
tests/test_design_system.py::TestUtilityFilters::test_slugify_underscores PASSED [ 29%]
tests/test_design_system.py::TestUtilityFilters::test_json_encode_dict PASSED [ 30%]
tests/test_design_system.py::TestUtilityFilters::test_json_encode_list PASSED [ 30%]
tests/test_design_system.py::TestUtilityFilters::test_default_if_none_with_none PASSED [ 30%]
tests/test_design_system.py::TestUtilityFilters::test_default_if_none_with_value PASSED [ 30%]
tests/test_design_system.py::TestUtilityFilters::test_default_if_none_zero_is_not_none PASSED [ 30%]
tests/test_design_system.py::TestUtilityFilters::test_pluralize_singular PASSED [ 30%]
tests/test_design_system.py::TestUtilityFilters::test_pluralize_plural PASSED [ 30%]
tests/test_design_system.py::TestUtilityFilters::test_pluralize_zero PASSED [ 30%]
tests/test_design_system.py::TestUtilityFilters::test_title_case PASSED  [ 30%]
tests/test_design_system.py::TestUtilityFilters::test_mask_email PASSED  [ 30%]
tests/test_design_system.py::TestUtilityFilters::test_mask_string PASSED [ 30%]
tests/test_design_system.py::TestUtilityFilters::test_mask_short PASSED  [ 31%]
tests/test_design_system.py::TestUtilityFilters::test_file_size_bytes PASSED [ 31%]
tests/test_design_system.py::TestUtilityFilters::test_file_size_kb PASSED [ 31%]
tests/test_design_system.py::TestUtilityFilters::test_file_size_mb PASSED [ 31%]
tests/test_design_system.py::TestUtilityFilters::test_file_size_gb PASSED [ 31%]
tests/test_design_system.py::TestUtilityFilters::test_file_size_invalid PASSED [ 31%]
tests/test_design_system.py::TestUtilityFiltersInTemplates::test_truncate_in_template PASSED [ 31%]
tests/test_design_system.py::TestUtilityFiltersInTemplates::test_slugify_in_template PASSED [ 31%]
tests/test_design_system.py::TestUtilityFiltersInTemplates::test_json_encode_in_template PASSED [ 31%]
tests/test_design_system.py::TestUtilityFiltersInTemplates::test_default_if_none_in_template PASSED [ 31%]
tests/test_design_system.py::TestUtilityFiltersInTemplates::test_pluralize_in_template PASSED [ 32%]
tests/test_design_system.py::TestUtilityFiltersInTemplates::test_mask_in_template PASSED [ 32%]
tests/test_design_system.py::TestUtilityFiltersInTemplates::test_file_size_in_template PASSED [ 32%]
tests/test_design_system.py::TestDesignSystemFilters::test_eden_color PASSED [ 32%]
tests/test_design_system.py::TestDesignSystemFilters::test_eden_bg PASSED [ 32%]
tests/test_design_system.py::TestDesignSystemFilters::test_eden_text PASSED [ 32%]
tests/test_design_system.py::TestDesignSystemFilters::test_eden_border PASSED [ 32%]
tests/test_design_system.py::TestDesignSystemFilters::test_eden_shadow PASSED [ 32%]
tests/test_design_system.py::TestNewDirectives::test_unless_true PASSED  [ 32%]
tests/test_design_system.py::TestNewDirectives::test_unless_false PASSED [ 32%]
tests/test_design_system.py::TestNewDirectives::test_checked_directive PASSED [ 32%]
tests/test_design_system.py::TestNewDirectives::test_selected_directive PASSED [ 33%]
tests/test_design_system.py::TestNewDirectives::test_disabled_directive PASSED [ 33%]
tests/test_design_system.py::TestNewDirectives::test_readonly_directive PASSED [ 33%]
tests/test_design_system.py::TestNewDirectives::test_eden_head_directive PASSED [ 33%]
tests/test_design_system.py::TestNewDirectives::test_eden_scripts_directive PASSED [ 33%]
tests/test_design_system.py::TestNewDirectives::test_htmx_block_directive PASSED [ 33%]
tests/test_design_system.py::TestNewDirectives::test_non_htmx_block_directive PASSED [ 33%]
tests/test_design_system.py::TestNewDirectives::test_extends_directive PASSED [ 33%]
tests/test_design_system.py::TestNewDirectives::test_extends_single_quotes PASSED [ 33%]
tests/test_design_system.py::TestNewDirectives::test_include_directive PASSED [ 33%]
tests/test_design_system.py::TestNewDirectives::test_block_directive PASSED [ 34%]
tests/test_design_system.py::TestNewDirectives::test_block_without_quotes PASSED [ 34%]
tests/test_design_system.py::TestNewDirectives::test_super_directive PASSED [ 34%]
tests/test_design_system.py::TestNewDirectives::test_super_with_parens PASSED [ 34%]
tests/test_design_system.py::TestHtmxIntegration::test_htmx_response_trigger PASSED [ 34%]
tests/test_design_system.py::TestHtmxIntegration::test_htmx_response_trigger_with_detail PASSED [ 34%]
tests/test_design_system.py::TestHtmxIntegration::test_htmx_response_redirect PASSED [ 34%]
tests/test_design_system.py::TestHtmxIntegration::test_htmx_response_refresh PASSED [ 34%]
tests/test_design_system.py::TestHtmxIntegration::test_htmx_response_swap PASSED [ 34%]
tests/test_design_system.py::TestHtmxIntegration::test_htmx_response_retarget PASSED [ 34%]
tests/test_design_system.py::TestHtmxIntegration::test_htmx_response_push_url PASSED [ 34%]
tests/test_design_system.py::TestHtmxIntegration::test_htmx_response_chaining PASSED [ 35%]
tests/test_design_system.py::TestHtmxIntegration::test_is_htmx_true PASSED [ 35%]
tests/test_design_system.py::TestHtmxIntegration::test_is_htmx_false PASSED [ 35%]
tests/test_design_system.py::TestHtmxIntegration::test_hx_vals_filter PASSED [ 35%]
tests/test_design_system.py::TestHtmxIntegration::test_hx_headers_filter PASSED [ 35%]
tests/test_design_system.py::TestHtmxIntegration::test_hx_vals_in_template PASSED [ 35%]
tests/test_design_system.py::TestCDNAssets::test_eden_head_contains_cdn PASSED [ 35%]
tests/test_design_system.py::TestCDNAssets::test_eden_head_disable_alpine PASSED [ 35%]
tests/test_design_system.py::TestCDNAssets::test_eden_scripts_output PASSED [ 35%]
tests/test_design_system.py::TestCDNAssets::test_eden_head_in_template PASSED [ 35%]
tests/test_design_system.py::TestCDNAssets::test_version_globals PASSED  [ 36%]
tests/test_design_system.py::TestCDNAssets::test_base_template_renders PASSED [ 36%]
tests/test_design_system.py::TestDesignSystemAPI::test_color_lookup PASSED [ 36%]
tests/test_design_system.py::TestDesignSystemAPI::test_color_fallback PASSED [ 36%]
tests/test_design_system.py::TestDesignSystemAPI::test_spacing PASSED    [ 36%]
tests/test_design_system.py::TestDesignSystemAPI::test_font_lookup PASSED [ 36%]
tests/test_directives_integration.py::TestActiveLink::test_exact_route_match PASSED [ 36%]
tests/test_directives_integration.py::TestActiveLink::test_prefix_match PASSED [ 36%]
tests/test_directives_integration.py::TestActiveLink::test_no_match PASSED [ 36%]
tests/test_directives_integration.py::TestActiveLink::test_route_name_normalization PASSED [ 36%]
tests/test_directives_integration.py::TestActiveLink::test_wildcard_detection PASSED [ 36%]
tests/test_directives_integration.py::TestActiveLink::test_wildcard_prefix_extraction PASSED [ 37%]
tests/test_directives_integration.py::TestDirectivesPreprocessing::test_csrf_directive PASSED [ 37%]
tests/test_directives_integration.py::TestDirectivesPreprocessing::test_url_directive PASSED [ 37%]
tests/test_directives_integration.py::TestDirectivesPreprocessing::test_checked_attribute PASSED [ 37%]
tests/test_directives_integration.py::TestDirectivesPreprocessing::test_selected_attribute PASSED [ 37%]
tests/test_directives_integration.py::TestDirectivesPreprocessing::test_disabled_attribute PASSED [ 37%]
tests/test_directives_integration.py::TestDirectivesPreprocessing::test_readonly_attribute PASSED [ 37%]
tests/test_directives_integration.py::TestBlockDirectives::test_if_directive PASSED [ 37%]
tests/test_directives_integration.py::TestBlockDirectives::test_for_directive_with_loop_helpers PASSED [ 37%]
tests/test_directives_integration.py::TestBlockDirectives::test_component_directive PASSED [ 37%]
tests/test_directives_integration.py::TestAuthDirectives::test_auth_directive_requires_user PASSED [ 38%]
tests/test_directives_integration.py::TestAuthDirectives::test_guest_directive_requires_no_user PASSED [ 38%]
tests/test_directives_integration.py::TestHTMXDirectives::test_htmx_directive PASSED [ 38%]
tests/test_directives_integration.py::TestHTMXDirectives::test_fragment_directive PASSED [ 38%]
tests/test_directives_integration.py::TestTemplatingSyntax::test_directive_starts_with_at_sign PASSED [ 38%]
tests/test_directives_integration.py::TestTemplatingSyntax::test_directive_regex_patterns PASSED [ 38%]
tests/test_directives_integration.py::TestRealWorldScenarios::test_navigation_with_wildcards PASSED [ 38%]
tests/test_directives_integration.py::TestRealWorldScenarios::test_form_validation PASSED [ 38%]
tests/test_directives_integration.py::TestRealWorldScenarios::test_conditional_rendering PASSED [ 38%]
tests/test_directives_integration.py::test_all_directives_recognized PASSED [ 38%]
tests/test_directives_integration.py::test_wildcard_active_link_integration PASSED [ 38%]
tests/test_discrepancies.py::test_exports PASSED                         [ 39%]
tests/test_discrepancies.py::test_include_router_prefix PASSED           [ 39%]
tests/test_discrepancies.py::test_router_add_middleware PASSED           [ 39%]
tests/test_discrepancies.py::test_limiter_decorator PASSED               [ 39%]
tests/test_discrepancies.py::test_cli_aliases PASSED                     [ 39%]
tests/test_distributed_infrastructure.py::test_distributed_task_coordination PASSED [ 39%]
tests/test_distributed_infrastructure.py::test_distributed_task_same_name PASSED [ 39%]
tests/test_distributed_infrastructure.py::test_websocket_distributed_broadcast PASSED [ 39%]
tests/test_documentation_examples.py::TestCachingDocumentation::test_inmemory_cache_basic PASSED [ 39%]
tests/test_documentation_examples.py::TestCachingDocumentation::test_inmemory_cache_ttl PASSED [ 39%]
tests/test_documentation_examples.py::TestCachingDocumentation::test_cache_exists_method PASSED [ 40%]
tests/test_documentation_examples.py::TestCachingDocumentation::test_cache_clear_pattern PASSED [ 40%]
tests/test_documentation_examples.py::TestCachingDocumentation::test_cache_incr_counter PASSED [ 40%]
tests/test_documentation_examples.py::TestCachingDocumentation::test_cache_tenant_wrapper PASSED [ 40%]
tests/test_documentation_examples.py::TestStorageDocumentation::test_local_storage_save_and_delete PASSED [ 40%]
tests/test_documentation_examples.py::TestStorageDocumentation::test_s3_storage_methods PASSED [ 40%]
tests/test_documentation_examples.py::TestStorageDocumentation::test_s3_presigned_url_example PASSED [ 40%]
tests/test_documentation_examples.py::TestPaymentDocumentation::test_stripe_webhook_verification PASSED [ 40%]
tests/test_documentation_examples.py::TestPaymentDocumentation::test_webhook_router_pattern PASSED [ 40%]
tests/test_documentation_examples.py::TestAuthDocumentation::test_oauth_manager_registration PASSED [ 40%]
tests/test_documentation_examples.py::TestAuthDocumentation::test_role_hierarchy_configuration PASSED [ 40%]
tests/test_documentation_examples.py::TestAuthDocumentation::test_oauth_error_handling_invalid_state PASSED [ 41%]
tests/test_documentation_examples.py::TestAuthDocumentation::test_oauth_custom_callbacks PASSED [ 41%]
tests/test_documentation_examples.py::TestP1CachingEnhancements::test_cache_methods_reference_complete PASSED [ 41%]
tests/test_documentation_examples.py::TestP1StorageEnhancements::test_storage_methods_complete PASSED [ 41%]
tests/test_documentation_examples.py::TestP1StorageEnhancements::test_s3_presigned_url_documentation PASSED [ 41%]
tests/test_documentation_examples.py::TestP1AuthEnhancements::test_oauth_error_response_patterns PASSED [ 41%]
tests/test_documentation_examples.py::TestP2SecurityEnhancements::test_password_security_patterns PASSED [ 41%]
tests/test_documentation_examples.py::TestP2SecurityEnhancements::test_role_hierarchy_enforcement PASSED [ 41%]
tests/test_documentation_examples.py::TestP2SecurityEnhancements::test_cors_configuration_patterns PASSED [ 41%]
tests/test_documentation_examples.py::TestP2PerformanceEnhancements::test_pagination_pattern PASSED [ 41%]
tests/test_documentation_examples.py::TestP2PerformanceEnhancements::test_cache_hierarchy_pattern PASSED [ 41%]
tests/test_documentation_examples.py::TestP2PerformanceEnhancements::test_cache_invalidation_patterns PASSED [ 42%]
tests/test_documentation_examples.py::TestP2TroubleshootingPatterns::test_connection_string_validation PASSED [ 42%]
tests/test_documentation_examples.py::TestP2TroubleshootingPatterns::test_session_configuration PASSED [ 42%]
tests/test_documentation_examples.py::TestP2TroubleshootingPatterns::test_static_file_mounting PASSED [ 42%]
tests/test_documentation_examples.py::TestDocumentationIntegration::test_cache_app_mounting PASSED [ 42%]
tests/test_documentation_examples.py::TestDocumentationIntegration::test_environment_based_cache_setup PASSED [ 42%]
tests/test_error_handlers.py::TestErrorHandlerRegistry::test_registry_initialization PASSED [ 42%]
tests/test_error_handlers.py::TestErrorHandlerRegistry::test_register_handler PASSED [ 42%]
tests/test_error_handlers.py::TestErrorHandlerRegistry::test_clear_custom_handlers PASSED [ 42%]
tests/test_error_handlers.py::TestErrorHandlerRegistry::test_dispatch_to_matching_handler PASSED [ 42%]
tests/test_error_handlers.py::TestErrorHandlerRegistry::test_handler_not_found_uses_default PASSED [ 43%]
tests/test_error_handlers.py::TestErrorHandler::test_error_handler_interface PASSED [ 43%]
tests/test_error_handlers.py::TestErrorHandler::test_error_handler_execution PASSED [ 43%]
tests/test_error_handlers.py::TestEdenExceptionContexts::test_exception_with_context PASSED [ 43%]
tests/test_error_handlers.py::TestEdenExceptionContexts::test_exception_to_dict_excludes_context PASSED [ 43%]
tests/test_error_handlers.py::TestEdenExceptionContexts::test_log_context PASSED [ 43%]
tests/test_error_handlers.py::TestContentNegotiationErrorHandler::test_wants_json_from_accept_header PASSED [ 43%]
tests/test_error_handlers.py::TestContentNegotiationErrorHandler::test_json_response_helper PASSED [ 43%]
tests/test_error_handlers.py::TestContentNegotiationErrorHandler::test_html_response_helper PASSED [ 43%]
tests/test_error_handlers.py::TestErrorHandlerMiddleware::test_middleware_passes_through_successful_response PASSED [ 43%]
tests/test_error_handlers.py::TestErrorHandlerMiddleware::test_middleware_catches_exceptions PASSED [ 43%]
tests/test_error_handlers.py::TestErrorHandlerMiddleware::test_middleware_preserves_exception_headers PASSED [ 44%]
tests/test_error_handlers.py::TestAppErrorHandlerIntegration::test_register_error_handler_validates_type PASSED [ 44%]
tests/test_error_handlers.py::TestAppErrorHandlerIntegration::test_register_error_handler_accepts_valid_handler PASSED [ 44%]
tests/test_error_handlers.py::TestEdenExceptionHierarchy::test_all_exceptions_are_eden_exceptions PASSED [ 44%]
tests/test_error_handlers.py::TestEdenExceptionHierarchy::test_exception_serialization PASSED [ 44%]
tests/test_error_handlers.py::TestEdenExceptionHierarchy::test_exception_headers_in_dict PASSED [ 44%]
tests/test_exceptions.py::TestExceptions::test_not_found PASSED          [ 44%]
tests/test_exceptions.py::TestExceptions::test_bad_request PASSED        [ 44%]
tests/test_exceptions.py::TestExceptions::test_forbidden PASSED          [ 44%]
tests/test_exceptions.py::TestExceptions::test_validation_error PASSED   [ 44%]
tests/test_exceptions.py::TestExceptions::test_custom_status_code PASSED [ 45%]
tests/test_exceptions.py::TestExceptions::test_unhandled_exception PASSED [ 45%]
tests/test_exceptions.py::TestCustomExceptionHandler::test_custom_handler PASSED [ 45%]
tests/test_forms.py::test_form_validation PASSED                         [ 45%]
tests/test_forms.py::test_form_success PASSED                            [ 45%]
tests/test_forms.py::test_form_from_model PASSED                         [ 45%]
tests/test_forms.py::test_render_all PASSED                              [ 45%]
tests/test_forms.py::test_form_from_multipart PASSED                     [ 45%]
tests/test_forms_security.py::test_xss_vulnerability PASSED              [ 45%]
tests/test_forms_security.py::test_csrf_inclusion PASSED                 [ 45%]
tests/test_forms_security.py::test_file_upload_size_limit PASSED         [ 45%]
tests/test_forms_security.py::test_new_widgets PASSED                    [ 46%]
tests/test_forms_security.py::test_validation_groups PASSED              [ 46%]
tests/test_fusion.py::test_multi_tenancy_auto_isolation FAILED           [ 46%]
tests/test_fusion.py::test_fusion_rbac_hooks ERROR                       [ 46%]
tests/test_fusion.py::test_orm_context_fusion_creation ERROR             [ 46%]
tests/test_htmx_smart_fragments.py::test_smart_fragment_resolution_active PASSED [ 46%]
tests/test_htmx_smart_fragments.py::test_explicit_fragment_override PASSED [ 46%]
tests/test_htmx_smart_fragments.py::test_fallback_to_full_render_if_fragment_missing PASSED [ 46%]
tests/test_htmx_smart_fragments.py::test_no_htmx_full_render PASSED      [ 46%]
tests/test_is_active_real.py::test_is_active_route_name PASSED           [ 46%]
tests/test_is_active_real.py::test_is_active_route_name_colon PASSED     [ 47%]
tests/test_is_active_real.py::test_is_active_wildcard_exact PASSED       [ 47%]
tests/test_is_active_real.py::test_is_active_wildcard_subpath PASSED     [ 47%]
tests/test_is_active_real.py::test_is_active_wildcard_mismatch PASSED    [ 47%]
tests/test_is_active_real.py::test_is_active_literal_path PASSED         [ 47%]
tests/test_is_active_real.py::test_is_active_absolute_url PASSED         [ 47%]
tests/test_logging.py::test_setup_logging_sets_module_level_and_handler PASSED [ 47%]
tests/test_logging.py::test_get_logger_prefixes_with_eden PASSED         [ 47%]
tests/test_mail.py::TestEmailMessage::test_basic_message PASSED          [ 47%]
tests/test_mail.py::TestEmailMessage::test_to_list_single PASSED         [ 47%]
tests/test_mail.py::TestEmailMessage::test_to_list_multiple PASSED       [ 47%]
tests/test_mail.py::TestEmailMessage::test_recipients_with_cc_bcc PASSED [ 48%]
tests/test_mail.py::TestEmailMessage::test_attachments PASSED            [ 48%]
tests/test_mail.py::TestConsoleBackend::test_send_returns_true PASSED    [ 48%]
tests/test_mail.py::TestConsoleBackend::test_send_stdout PASSED          [ 48%]
tests/test_mail.py::TestConsoleBackend::test_send_with_html PASSED       [ 48%]
tests/test_mail.py::TestConsoleBackend::test_send_with_attachments PASSED [ 48%]
tests/test_mail.py::TestConsoleBackend::test_send_bulk PASSED            [ 48%]
tests/test_mail.py::TestSMTPBackend::test_init PASSED                    [ 48%]
tests/test_mail.py::TestSendMail::test_send_mail_basic PASSED            [ 48%]
tests/test_mail.py::TestSendMail::test_send_mail_with_override_backend PASSED [ 48%]
tests/test_mail.py::TestSendMail::test_configure_and_get_backend PASSED  [ 49%]
tests/test_mail.py::TestSendMail::test_default_backend_is_console PASSED [ 49%]
tests/test_messages.py::test_message_addition PASSED                     [ 49%]
tests/test_messages.py::test_message_iteration_clears PASSED             [ 49%]
tests/test_messages.py::test_message_levels PASSED                       [ 49%]
tests/test_messages.py::test_realtime_broadcast_logic PASSED             [ 49%]
tests/test_messages.py::test_container_boolean_logic PASSED              [ 49%]
tests/test_messages_enhanced.py::test_message_deduplication PASSED       [ 49%]
tests/test_messages_enhanced.py::test_custom_session_key PASSED          [ 49%]
tests/test_messages_enhanced.py::test_push_realtime_safe_id_resolution PASSED [ 49%]
tests/test_messages_enhanced.py::test_push_realtime_custom_channel PASSED [ 49%]
tests/test_messages_enhanced.py::test_push_realtime_failure_logging PASSED [ 50%]
tests/test_messages_enhanced.py::test_message_persistence_sticky PASSED  [ 50%]
tests/test_messages_enhanced.py::test_grouping_helpers PASSED            [ 50%]
tests/test_middleware.py::TestCORSMiddleware::test_cors_preflight PASSED [ 50%]
tests/test_middleware.py::TestCORSMiddleware::test_cors_simple_request PASSED [ 50%]
tests/test_middleware.py::TestGZipMiddleware::test_gzip_compression PASSED [ 50%]
tests/test_middleware_cache.py::test_cache_hit_miss PASSED               [ 50%]
tests/test_middleware_cache.py::test_cache_control_no_store PASSED       [ 50%]
tests/test_middleware_cache.py::test_cache_expiry PASSED                 [ 50%]
tests/test_middleware_ratelimit_burst.py::test_redis_ratelimit_burst PASSED [ 50%]
tests/test_migration_drift.py::test_migration_check_drift_detection PASSED [ 50%]
tests/test_migration_refactor.py::test_cli_structure_separation PASSED   [ 51%]
tests/test_migration_refactor.py::test_migration_isolation_filtering PASSED [ 51%]
tests/test_model_as_form.py::test_model_to_schema_extracts_widgets PASSED [ 51%]
tests/test_model_as_form.py::test_model_as_form_creates_baseform PASSED  [ 51%]
tests/test_model_as_form.py::test_model_as_form_include_exclude PASSED   [ 51%]
tests/test_model_maturity.py::test_signal_registration FAILED            [ 51%]
tests/test_model_maturity.py::test_validation_clean_method FAILED        [ 51%]
tests/test_model_maturity.py::test_full_clean_lifecycle FAILED           [ 51%]
tests/test_model_maturity.py::test_update_or_create FAILED               [ 51%]
tests/test_model_maturity.py::test_delete_signals FAILED                 [ 51%]
tests/test_model_maturity.py::test_validation_inheritance FAILED         [ 52%]
tests/test_model_maturity.py::test_fields_extended FAILED                [ 52%]
tests/test_model_maturity.py::test_bulk_signals FAILED                   [ 52%]
tests/test_multitenant_security.py::test_tenantmixin_has_apply_tenant_filter PASSED [ 52%]
tests/test_multitenant_security.py::test_tenantmixin_has_apply_default_filters PASSED [ 52%]
tests/test_multitenant_security.py::test_tenantmixin_has_before_create PASSED [ 52%]
tests/test_multitenant_security.py::test_tenantmixin_has_tenant_id_column PASSED [ 52%]
tests/test_multitenant_security.py::test_rawquery_has_validate_tenant_isolation PASSED [ 52%]
tests/test_multitenant_security.py::test_tenant_exception_exists PASSED  [ 52%]
tests/test_multitenant_security.py::test_rawquery_execute_has_skip_tenant_check PASSED [ 52%]
tests/test_multitenant_security.py::test_rawquery_execute_scalar_has_skip_tenant_check PASSED [ 52%]
tests/test_multitenant_security.py::test_raw_update_has_skip_tenant_check PASSED [ 53%]
tests/test_multitenant_security.py::test_validation_checks_for_tenant_id PASSED [ 53%]
tests/test_multitenant_security.py::test_validation_checks_context PASSED [ 53%]
tests/test_multitenant_security.py::test_tenant_has_provision_schema PASSED [ 53%]
tests/test_multitenant_security.py::test_provision_schema_has_sanitization PASSED [ 53%]
tests/test_multitenant_security.py::test_provision_schema_creates_schema PASSED [ 53%]
tests/test_multitenant_security.py::test_provision_schema_manages_search_path PASSED [ 53%]
tests/test_multitenant_security.py::test_provision_schema_has_finally_cleanup PASSED [ 53%]
tests/test_multitenant_security.py::test_provision_schema_resets_schema PASSED [ 53%]
tests/test_multitenant_security.py::test_provision_schema_validates_schema_name PASSED [ 53%]
tests/test_multitenant_security.py::test_provision_schema_is_async PASSED [ 54%]
tests/test_multitenant_security.py::test_middleware_has_dispatch PASSED  [ 54%]
tests/test_multitenant_security.py::test_middleware_sets_tenant_context PASSED [ 54%]
tests/test_multitenant_security.py::test_middleware_resets_tenant_context PASSED [ 54%]
tests/test_multitenant_security.py::test_middleware_adds_response_headers PASSED [ 54%]
tests/test_multitenant_security.py::test_middleware_switches_schema PASSED [ 54%]
tests/test_multitenant_security.py::test_middleware_has_try_finally PASSED [ 54%]
tests/test_multitenant_security.py::test_middleware_supports_subdomain PASSED [ 54%]
tests/test_multitenant_security.py::test_middleware_supports_header PASSED [ 54%]
tests/test_multitenant_security.py::test_context_set_current_tenant PASSED [ 54%]
tests/test_multitenant_security.py::test_context_get_current_tenant PASSED [ 54%]
tests/test_multitenant_security.py::test_context_get_current_tenant_id PASSED [ 55%]
tests/test_multitenant_security.py::test_context_reset_current_tenant PASSED [ 55%]
tests/test_multitenant_security.py::test_context_uses_contextvars PASSED [ 55%]
tests/test_multitenant_security.py::test_context_isolation PASSED        [ 55%]
tests/test_multitenant_security.py::test_layers_are_properly_integrated PASSED [ 55%]
tests/test_multitenant_security.py::test_mock_middleware_context_setting PASSED [ 55%]
tests/test_orm.py::test_orm_basic_crud ERROR                             [ 55%]
tests/test_orm.py::test_orm_id_generation ERROR                          [ 55%]
tests/test_orm.py::test_orm_timestamps ERROR                             [ 55%]
tests/test_orm.py::test_orm_all_and_count ERROR                          [ 55%]
tests/test_orm_advanced.py::test_orm_relationships_o2m FAILED            [ 56%]
tests/test_orm_advanced.py::test_orm_m2o_navigation FAILED               [ 56%]
tests/test_orm_advanced.py::test_orm_prefetch_syntax FAILED              [ 56%]
tests/test_orm_auto_session.py::test_session_fallback_to_request_state PASSED [ 56%]
tests/test_orm_auto_session.py::test_session_fallback_to_request_state_alias PASSED [ 56%]
tests/test_orm_auto_session.py::test_session_fallback_no_request PASSED  [ 56%]
tests/test_orm_critical_fixes.py::test_session_context_get_set_reset PASSED [ 56%]
tests/test_orm_critical_fixes.py::test_session_from_context_in_queryset FAILED [ 56%]
tests/test_orm_critical_fixes.py::test_relationship_path_simple PASSED   [ 56%]
tests/test_orm_critical_fixes.py::test_relationship_path_circular_check PASSED [ 56%]
tests/test_orm_critical_fixes.py::test_relationship_path_max_depth_limit PASSED [ 56%]
tests/test_orm_critical_fixes.py::test_relationships_inferred_in_init_subclass FAILED [ 57%]
tests/test_orm_critical_fixes.py::test_deferred_relationships_work_in_queries PASSED [ 57%]
tests/test_orm_critical_fixes.py::test_transaction_commits_on_success FAILED [ 57%]
tests/test_orm_critical_fixes.py::test_transaction_rollsback_on_error FAILED [ 57%]
tests/test_orm_critical_fixes.py::test_savepoint_rollback FAILED         [ 57%]
tests/test_orm_critical_fixes.py::test_atomic_function_execution FAILED  [ 57%]
tests/test_orm_critical_fixes.py::test_atomic_decorator_injects_session PASSED [ 57%]
tests/test_orm_critical_fixes.py::test_full_workflow_context_transaction_relationships FAILED [ 57%]
tests/test_orm_enhanced.py::test_orm_json_field ERROR                    [ 57%]
tests/test_orm_enhanced.py::test_queryset_aggregate_django_style ERROR   [ 57%]
tests/test_orm_enhanced.py::test_queryset_annotate_complex ERROR         [ 58%]
tests/test_orm_enhanced.py::test_orm_complex_lookups ERROR               [ 58%]
tests/test_orm_enhanced.py::test_queryset_update_returning ERROR         [ 58%]
tests/test_orm_enhanced.py::test_queryset_delete ERROR                   [ 58%]
tests/test_orm_enhanced.py::test_orm_f_relationship_oneliner ERROR       [ 58%]
tests/test_orm_fixes_simple.py::test_session_context_functions PASSED    [ 58%]
tests/test_orm_fixes_simple.py::test_relationship_path_finding PASSED    [ 58%]
tests/test_orm_fixes_simple.py::test_relationship_inference_on_class_definition PASSED [ 58%]
tests/test_orm_fixes_simple.py::test_transaction_api_exists PASSED       [ 58%]
tests/test_orm_fixes_simple.py::test_orm_apis_correctly_exported PASSED  [ 58%]
tests/test_orm_form_integration.py::test_form_metadata_propagation ERROR [ 58%]
tests/test_orm_form_integration.py::test_schema_declarative_integration ERROR [ 59%]
tests/test_orm_form_integration.py::test_model_form_saving ERROR         [ 59%]
tests/test_orm_form_integration.py::test_complex_query_integration ERROR [ 59%]
tests/test_orm_hooks_and_m2m.py::test_orm_hooks FAILED                   [ 59%]
tests/test_orm_hooks_and_m2m.py::test_orm_m2m FAILED                     [ 59%]
tests/test_orm_lookups.py::test_expression_first_auto_join ERROR         [ 59%]
tests/test_orm_lookups.py::test_deep_expression_auto_join ERROR          [ 59%]
tests/test_orm_lookups.py::test_bitwise_q_with_expressions ERROR         [ 59%]
tests/test_orm_lookups.py::test_f_expression_alternative ERROR           [ 59%]
tests/test_orm_lookups.py::test_hybrid_lookups ERROR                     [ 59%]
tests/test_orm_modern.py::test_annotated_schema_inference ERROR          [ 60%]
tests/test_orm_modern.py::test_modern_crud_operations ERROR              [ 60%]
tests/test_orm_modern.py::test_validation_rules_from_annotated ERROR     [ 60%]
tests/test_orm_queryset.py::test_queryset_filter_chaining ERROR          [ 60%]
tests/test_orm_queryset.py::test_queryset_exclude ERROR                  [ 60%]
tests/test_orm_queryset.py::test_queryset_order_by ERROR                 [ 60%]
tests/test_orm_queryset.py::test_queryset_limit_offset ERROR             [ 60%]
tests/test_orm_queryset.py::test_queryset_values_multiple ERROR          [ 60%]
tests/test_orm_queryset.py::test_queryset_values_with_filter ERROR       [ 60%]
tests/test_orm_queryset.py::test_queryset_first_last ERROR               [ 60%]
tests/test_orm_queryset.py::test_queryset_exists ERROR                   [ 60%]
tests/test_orm_queryset.py::test_queryset_all_as_dict ERROR              [ 61%]
tests/test_orm_queryset.py::test_queryset_first_as_dict ERROR            [ 61%]
tests/test_payments.py::TestPaymentProvider::test_cannot_instantiate_abstract PASSED [ 61%]
tests/test_payments.py::TestWebhookRouter::test_register_handler PASSED  [ 61%]
tests/test_payments.py::TestWebhookRouter::test_register_multiple_handlers PASSED [ 61%]
tests/test_payments.py::TestWebhookRouter::test_dispatch PASSED          [ 61%]
tests/test_payments.py::TestWebhookRouter::test_dispatch_no_handler PASSED [ 61%]
tests/test_payments.py::TestWebhookRouter::test_dispatch_multiple_handlers PASSED [ 61%]
tests/test_payments.py::TestCustomerMixin::test_is_subscribed_default PASSED [ 61%]
tests/test_phase2_security.py::test_websocket_origin_validation PASSED   [ 61%]
tests/test_phase2_security.py::test_websocket_csrf_validation PASSED     [ 61%]
tests/test_phase2_security.py::test_metrics_collection PASSED            [ 62%]
tests/test_phase2_security.py::test_idempotency PASSED                   [ 62%]
tests/test_phase3_reliability.py::TestPhase3Reliability::test_correlation_id_propagation PASSED [ 62%]
tests/test_phase3_reliability.py::TestPhase3Reliability::test_task_retry_logic PASSED [ 62%]
tests/test_phase3_reliability.py::TestPhase3Reliability::test_websocket_graceful_shutdown PASSED [ 62%]
tests/test_phase3_reliability.py::TestPhase3Reliability::test_deep_health_checks PASSED [ 62%]
tests/test_phase3_reliability.py::TestPhase3Reliability::test_task_correlation_id PASSED [ 62%]
tests/test_port.py::test_is_port_available_open PASSED                   [ 62%]
tests/test_port.py::test_is_port_available_occupied PASSED               [ 62%]
tests/test_port.py::test_find_available_port_first_free PASSED           [ 62%]
tests/test_port.py::test_find_available_port_skips_occupied PASSED       [ 63%]
tests/test_port.py::test_find_available_port_max_attempts PASSED         [ 63%]
tests/test_realtime_ui.py::test_eden_toasts_directive PASSED             [ 63%]
tests/test_realtime_ui.py::test_eden_scripts_websocket_integration PASSED [ 63%]
tests/test_requests.py::TestRequests::test_query_params PASSED           [ 63%]
tests/test_requests.py::TestRequests::test_query_defaults PASSED         [ 63%]
tests/test_requests.py::TestRequests::test_query_list PASSED             [ 63%]
tests/test_requests.py::TestRequests::test_json_body PASSED              [ 63%]
tests/test_requests.py::TestRequests::test_custom_headers PASSED         [ 63%]
tests/test_requests.py::TestRequests::test_request_info PASSED           [ 63%]
tests/test_responses.py::TestResponses::test_dict_response PASSED        [ 63%]
tests/test_responses.py::TestResponses::test_list_response PASSED        [ 64%]
tests/test_responses.py::TestResponses::test_pydantic_serialization PASSED [ 64%]
tests/test_responses.py::TestResponses::test_nested_pydantic PASSED      [ 64%]
tests/test_responses.py::TestResponses::test_custom_status_code PASSED   [ 64%]
tests/test_responses.py::TestResponses::test_html_response PASSED        [ 64%]
tests/test_responses.py::TestResponses::test_json_shortcut PASSED        [ 64%]
tests/test_responses.py::TestResponses::test_redirect_response PASSED    [ 64%]
tests/test_routing.py::TestRouteRegistration::test_root_route PASSED     [ 64%]
tests/test_routing.py::TestRouteRegistration::test_path_param_string PASSED [ 64%]
tests/test_routing.py::TestRouteRegistration::test_path_param_int PASSED [ 64%]
tests/test_routing.py::TestRouteRegistration::test_post_route PASSED     [ 65%]
tests/test_routing.py::TestRouteRegistration::test_put_route PASSED      [ 65%]
tests/test_routing.py::TestRouteRegistration::test_delete_route PASSED   [ 65%]
tests/test_routing.py::TestSubRouter::test_sub_router_route PASSED       [ 65%]
tests/test_routing.py::TestSubRouter::test_sub_router_path_param PASSED  [ 65%]
tests/test_routing.py::TestErrorHandling::test_404_not_found PASSED      [ 65%]
tests/test_routing.py::TestErrorHandling::test_405_method_not_allowed PASSED [ 65%]
tests/test_routing_auth_powerup.py::TestURLReversal::test_url_for_app_simple PASSED [ 65%]
tests/test_routing_auth_powerup.py::TestURLReversal::test_url_for_with_params PASSED [ 65%]
tests/test_routing_auth_powerup.py::TestURLReversal::test_url_for_unknown_raises PASSED [ 65%]
tests/test_routing_auth_powerup.py::TestURLReversal::test_redirect_to_named_route PASSED [ 65%]
tests/test_routing_auth_powerup.py::TestURLReversal::test_request_url_for_absolute PASSED [ 66%]
tests/test_routing_auth_powerup.py::TestLoginRequired::test_function_unauthenticated PASSED [ 66%]
tests/test_routing_auth_powerup.py::TestLoginRequired::test_function_authenticated FAILED [ 66%]
tests/test_routing_auth_powerup.py::TestLoginRequired::test_cbv_per_method_unauthenticated PASSED [ 66%]
tests/test_routing_auth_powerup.py::TestLoginRequired::test_cbv_per_method_authenticated FAILED [ 66%]
tests/test_routing_auth_powerup.py::TestLoginRequired::test_view_decorator_blocks_all_methods PASSED [ 66%]
tests/test_routing_auth_powerup.py::TestLoginRequired::test_view_decorator_allows_all_methods FAILED [ 66%]
tests/test_routing_auth_powerup.py::TestRolesRequired::test_roles_required_missing FAILED [ 66%]
tests/test_routing_auth_powerup.py::TestRolesRequired::test_roles_required_present FAILED [ 66%]
tests/test_routing_auth_powerup.py::TestRolesRequired::test_superuser_bypass FAILED [ 66%]
tests/test_routing_auth_powerup.py::TestRolesRequired::test_require_role_single FAILED [ 67%]
tests/test_routing_auth_powerup.py::TestRolesRequired::test_require_any_role FAILED [ 67%]
tests/test_routing_auth_powerup.py::TestPermissions::test_permissions_required_missing_one FAILED [ 67%]
tests/test_routing_auth_powerup.py::TestPermissions::test_permissions_required_all_present FAILED [ 67%]
tests/test_routing_auth_powerup.py::TestPermissions::test_superuser_bypasses_permissions FAILED [ 67%]
tests/test_routing_auth_powerup.py::TestPermissions::test_require_any_permission FAILED [ 67%]
tests/test_routing_auth_powerup.py::TestPermissions::test_require_permission_with_rbac_hierarchy FAILED [ 67%]
tests/test_routing_auth_powerup.py::TestTenantAwareAuth::test_tenant_scoped_roles FAILED [ 67%]
tests/test_routing_auth_powerup.py::TestTenantAwareAuth::test_tenant_scoped_roles_with_flat_fallback FAILED [ 67%]
tests/test_routing_auth_powerup.py::TestTenantAwareAuth::test_unauthenticated_returns_401 PASSED [ 67%]
tests/test_routing_auth_powerup.py::TestTenantAwareAuth::test_superuser_bypasses_tenant_roles FAILED [ 67%]
tests/test_routing_fixes.py::TestUrlFor::test_url_for_simple_param PASSED [ 68%]
tests/test_routing_fixes.py::TestUrlFor::test_url_for_typed_param PASSED [ 68%]
tests/test_routing_fixes.py::TestUrlFor::test_url_for_raises_on_missing_params PASSED [ 68%]
tests/test_routing_fixes.py::TestUrlFor::test_url_for_raises_on_all_missing_params PASSED [ 68%]
tests/test_routing_fixes.py::TestUrlFor::test_url_for_raises_on_unknown_route PASSED [ 68%]
tests/test_routing_fixes.py::TestUrlFor::test_url_for_with_all_params_succeeds PASSED [ 68%]
tests/test_routing_fixes.py::TestUrlFor::test_url_for_special_char_param_name PASSED [ 68%]
tests/test_routing_fixes.py::TestUrlFor::test_url_for_sub_router_fallback PASSED [ 68%]
tests/test_routing_fixes.py::TestCrudRouteNames::test_crud_route_names_are_unique PASSED [ 68%]
tests/test_routing_fixes.py::TestCrudRouteNames::test_crud_route_names_correct PASSED [ 68%]
tests/test_routing_fixes.py::TestRouteNameConflicts::test_duplicate_name_raises PASSED [ 69%]
tests/test_routing_fixes.py::TestRouteNameConflicts::test_same_function_name_without_explicit_name_raises PASSED [ 69%]
tests/test_routing_fixes.py::TestRouteNameConflicts::test_different_names_succeed PASSED [ 69%]
tests/test_routing_fixes.py::TestRouteNameConflicts::test_sub_router_merge_does_not_trigger_conflict PASSED [ 69%]
tests/test_routing_fixes.py::TestViewDispatch::test_view_methods_constant_completeness PASSED [ 69%]
tests/test_routing_fixes.py::TestViewDispatch::test_all_view_methods_uppercased PASSED [ 69%]
tests/test_routing_fixes.py::TestViewDispatch::test_add_view_any_includes_all_methods PASSED [ 69%]
tests/test_routing_fixes.py::TestViewDispatch::test_add_view_specific_methods_only PASSED [ 69%]
tests/test_routing_fixes.py::TestViewDispatch::test_view_dispatch_options_method PASSED [ 69%]
tests/test_routing_fixes.py::TestViewDispatch::test_view_dispatch_head_method PASSED [ 69%]
tests/test_routing_fixes.py::TestOptionsHeadDecorators::test_options_route PASSED [ 69%]
tests/test_routing_fixes.py::TestOptionsHeadDecorators::test_head_route PASSED [ 70%]
tests/test_routing_fixes.py::TestOptionsHeadDecorators::test_options_route_registration PASSED [ 70%]
tests/test_routing_fixes.py::TestOptionsHeadDecorators::test_head_route_registration PASSED [ 70%]
tests/test_routing_fixes.py::TestRegression::test_basic_get PASSED       [ 70%]
tests/test_routing_fixes.py::TestRegression::test_path_params PASSED     [ 70%]
tests/test_routing_fixes.py::TestRegression::test_post_route PASSED      [ 70%]
tests/test_routing_fixes.py::TestRegression::test_404 PASSED             [ 70%]
tests/test_routing_fixes.py::TestRegression::test_405 PASSED             [ 70%]
tests/test_routing_modern.py::test_cbv_get PASSED                        [ 70%]
tests/test_routing_modern.py::test_cbv_post PASSED                       [ 70%]
tests/test_routing_modern.py::test_cbv_subrouter PASSED                  [ 70%]
tests/test_scaffold_refactor.py::test_scaffold_flat_structure PASSED     [ 71%]
tests/test_scaffold_refactor.py::test_scaffold_dot_directory PASSED      [ 71%]
tests/test_scaffold_refactor.py::test_generate_complete_extras_do_not_require_runtime_extras_variable PASSED [ 71%]
tests/test_scaffold_refactor.py::test_help_command_and_root_help PASSED  [ 71%]
tests/test_security_middleware.py::TestSecurityHeadersMiddleware::test_default_headers_present PASSED [ 71%]
tests/test_security_middleware.py::TestSecurityHeadersMiddleware::test_hsts_header PASSED [ 71%]
tests/test_security_middleware.py::TestSecurityHeadersMiddleware::test_hsts_preload PASSED [ 71%]
tests/test_security_middleware.py::TestSecurityHeadersMiddleware::test_hsts_disabled PASSED [ 71%]
tests/test_security_middleware.py::TestSecurityHeadersMiddleware::test_custom_csp PASSED [ 71%]
tests/test_security_middleware.py::TestSecurityHeadersMiddleware::test_custom_frame_options PASSED [ 71%]
tests/test_security_middleware.py::TestSecurityHeadersMiddleware::test_custom_headers PASSED [ 72%]
tests/test_security_middleware.py::TestRateLimitMiddleware::test_allows_under_limit PASSED [ 72%]
tests/test_security_middleware.py::TestRateLimitMiddleware::test_blocks_over_limit PASSED [ 72%]
tests/test_security_middleware.py::TestRateLimitMiddleware::test_exempt_paths PASSED [ 72%]
tests/test_security_middleware.py::TestHealthChecks::test_health_endpoint PASSED [ 72%]
tests/test_security_middleware.py::TestHealthChecks::test_ready_endpoint_no_checks PASSED [ 72%]
tests/test_security_middleware.py::TestHealthChecks::test_ready_endpoint_passing_check PASSED [ 72%]
tests/test_security_middleware.py::TestHealthChecks::test_ready_endpoint_failing_check PASSED [ 72%]
tests/test_security_middleware.py::TestHealthChecks::test_ready_endpoint_exception_check PASSED [ 72%]
tests/test_security_middleware.py::TestRequestLoggingMiddleware::test_adds_request_id_header PASSED [ 72%]
tests/test_security_middleware.py::TestRequestLoggingMiddleware::test_excludes_health_path PASSED [ 72%]
tests/test_security_middleware.py::TestRequestLoggingMiddleware::test_preserves_incoming_request_id PASSED [ 73%]
tests/test_security_middleware.py::TestRequestLoggingMiddleware::test_sets_request_id_in_context PASSED [ 73%]
tests/test_ssc.py::test_component_registry PASSED                        [ 73%]
tests/test_ssc.py::test_url_directive_transformation PASSED              [ 73%]
tests/test_ssc.py::test_component_dispatcher_integration PASSED          [ 73%]
tests/test_ssc.py::test_component_not_found PASSED                       [ 73%]
tests/test_storage_cleanup.py::test_file_reference_link_creates_reference ERROR [ 73%]
tests/test_storage_cleanup.py::test_file_reference_link_default_backend ERROR [ 73%]
tests/test_storage_cleanup.py::test_file_reference_link_saves_to_database ERROR [ 73%]
tests/test_storage_cleanup.py::test_cleanup_by_model_delete_all_files ERROR [ 73%]
tests/test_storage_cleanup.py::test_cleanup_by_model_marks_deleted_at ERROR [ 74%]
tests/test_storage_cleanup.py::test_cleanup_by_model_handles_storage_error ERROR [ 74%]
tests/test_storage_cleanup.py::test_cleanup_by_model_no_refs_for_model PASSED [ 74%]
tests/test_storage_cleanup.py::test_model_delete_triggers_file_cleanup ERROR [ 74%]
tests/test_storage_cleanup.py::test_model_delete_cleanup_before_deletion ERROR [ 74%]
tests/test_storage_cleanup.py::test_model_delete_continues_if_cleanup_fails ERROR [ 74%]
tests/test_storage_cleanup.py::test_create_from_upload_convenience_method ERROR [ 74%]
tests/test_storage_cleanup.py::test_cleanup_does_not_affect_other_models ERROR [ 74%]
tests/test_storage_cleanup.py::test_cleanup_different_storage_backends PASSED [ 74%]
tests/test_storage_cleanup.py::test_cleanup_with_unicode_paths ERROR     [ 74%]
tests/test_storage_cleanup.py::test_cleanup_with_very_long_paths ERROR   [ 74%]
tests/test_storage_cleanup.py::test_file_reference_query_only_active_references PASSED [ 75%]
tests/test_storage_transactions.py::TestAtomicStorageTransaction::test_successful_transaction_commits PASSED [ 75%]
tests/test_storage_transactions.py::TestAtomicStorageTransaction::test_failed_transaction_rolls_back PASSED [ 75%]
tests/test_storage_transactions.py::TestAtomicStorageTransaction::test_multiple_files_rolled_back_together PASSED [ 75%]
tests/test_storage_transactions.py::TestAtomicStorageTransaction::test_save_failure_within_transaction_rolls_back PASSED [ 75%]
tests/test_storage_transactions.py::TestAtomicStorageTransaction::test_progress_callback_called PASSED [ 75%]
tests/test_storage_transactions.py::TestStorageManagerTransaction::test_manager_transaction_context PASSED [ 75%]
tests/test_storage_transactions.py::TestStorageManagerTransaction::test_manager_transaction_specific_backend PASSED [ 75%]
tests/test_storage_transactions.py::TestSupabaseAsyncInitialization::test_supabase_client_lazy_initialization SKIPPED [ 75%]
tests/test_storage_transactions.py::TestSupabaseAsyncInitialization::test_supabase_client_uses_asyncio_to_thread SKIPPED [ 75%]
tests/test_storage_transactions.py::TestSupabaseAsyncInitialization::test_supabase_thread_safe_initialization SKIPPED [ 76%]
tests/test_storage_transactions.py::TestProgressCallbackProtocol::test_progress_callback_protocol PASSED [ 76%]
tests/test_storage_transactions.py::TestStorageTransactionIntegration::test_file_upload_and_db_save_atomicity PASSED [ 76%]
tests/test_tasks.py::test_task_registration_and_trigger PASSED           [ 76%]
tests/test_tasks.py::test_app_lifespan_starts_broker PASSED              [ 76%]
tests/test_tasks.py::test_periodic_task_registration PASSED              [ 76%]
tests/test_tasks_advanced.py::TestTasksAdvanced::test_task_di_support PASSED [ 76%]
tests/test_tasks_advanced.py::TestTasksAdvanced::test_task_retries PASSED [ 76%]
tests/test_tasks_advanced.py::TestTasksAdvanced::test_periodic_task_cron SKIPPED [ 76%]
tests/test_tasks_advanced.py::TestTasksAdvanced::test_periodic_task_interval PASSED [ 76%]
tests/test_tasks_comprehensive.py::test_task_result_recording_success PASSED [ 76%]
tests/test_tasks_comprehensive.py::test_task_retries_and_dead_letter PASSED [ 77%]
tests/test_tasks_comprehensive.py::test_dependency_injection_in_task PASSED [ 77%]
tests/test_tasks_comprehensive.py::test_periodic_task_history PASSED     [ 77%]
tests/test_tasks_comprehensive.py::test_result_backend_cleanup PASSED    [ 77%]
tests/test_tasks_full.py::TestTaskExecution::test_task_registration PASSED [ 77%]
tests/test_tasks_full.py::TestTaskExecution::test_task_defer_requires_startup PASSED [ 77%]
tests/test_tasks_full.py::TestTaskExecution::test_task_schedule_requires_startup PASSED [ 77%]
tests/test_tasks_full.py::TestTaskExecution::test_broker_startup_complete_flag PASSED [ 77%]
tests/test_tasks_full.py::TestPeriodicTasks::test_periodic_task_registration PASSED [ 77%]
tests/test_tasks_full.py::TestPeriodicTasks::test_periodic_task_interval_calculation PASSED [ 77%]
tests/test_tasks_full.py::TestPeriodicTasks::test_periodic_task_lifecycle PASSED [ 78%]
tests/test_tasks_full.py::TestPeriodicTasks::test_periodic_task_handles_sync_functions PASSED [ 78%]
tests/test_tasks_full.py::TestPeriodicTasks::test_periodic_task_error_handling PASSED [ 78%]
tests/test_tasks_full.py::TestTaskResultStorage::test_result_storage PASSED [ 78%]
tests/test_tasks_full.py::TestTaskResultStorage::test_dead_letter_queue PASSED [ 78%]
tests/test_tasks_full.py::TestTaskResultStorage::test_cleanup_expired_results FAILED [ 78%]
tests/test_tasks_full.py::TestTaskResultStorage::test_result_to_dict PASSED [ 78%]
tests/test_tasks_full.py::TestBrokerConfiguration::test_default_retry_configuration PASSED [ 78%]
tests/test_tasks_full.py::TestBrokerConfiguration::test_custom_retry_configuration PASSED [ 78%]
tests/test_tasks_full.py::TestBrokerConfiguration::test_broker_factory_in_memory PASSED [ 78%]
tests/test_tasks_full.py::TestBrokerConfiguration::test_broker_factory_redis_missing PASSED [ 78%]
tests/test_tasks_full.py::TestAppIntegration::test_broker_startup_with_app PASSED [ 79%]
tests/test_tasks_full.py::TestAppIntegration::test_periodic_task_starts_with_app PASSED [ 79%]
tests/test_tasks_full.py::TestAppIntegration::test_setup_tasks_method PASSED [ 79%]
tests/test_tasks_full.py::TestAppIntegration::test_defer_after_startup PASSED [ 79%]
tests/test_tasks_full.py::TestExceptions::test_task_execution_error PASSED [ 79%]
tests/test_tasks_full.py::TestExceptions::test_max_retries_exceeded PASSED [ 79%]
tests/test_tasks_full.py::TestExceptions::test_broker_not_initialized PASSED [ 79%]
tests/test_tasks_full.py::TestEndToEnd::test_complete_task_workflow PASSED [ 79%]
tests/test_template_errors.py::test_line_preservation_unit PASSED        [ 79%]
tests/test_template_errors.py::test_syntax_error_rendering FAILED        [ 79%]
tests/test_template_errors.py::test_undefined_error_rendering FAILED     [ 80%]
tests/test_templating.py::test_directives_preprocessing PASSED           [ 80%]
tests/test_templating.py::test_render_fragment PASSED                    [ 80%]
tests/test_templating.py::test_custom_filters PASSED                     [ 80%]
tests/test_templating.py::test_widget_tweaks_filters PASSED              [ 80%]
tests/test_templating.py::test_ui_components PASSED                      [ 80%]
tests/test_templating.py::test_template_response PASSED                  [ 80%]
tests/test_templating.py::test_elseif_variants PASSED                    [ 80%]
tests/test_templating.py::test_while_loop PASSED                         [ 80%]
tests/test_templating.py::test_break_continue_conditional PASSED         [ 80%]
tests/test_templating.py::test_empty_directive PASSED                    [ 80%]
tests/test_templating.py::test_inject_directive PASSED                   [ 81%]
tests/test_templating.py::test_else_if_with_whitespace PASSED            [ 81%]
tests/test_templating_advanced.py::test_lexer_email_detection PASSED     [ 81%]
tests/test_templating_advanced.py::test_parser_unclosed_block PASSED     [ 81%]
tests/test_templating_advanced.py::test_compiler_props_dynamic PASSED    [ 81%]
tests/test_templating_advanced.py::test_compiler_class_logic PASSED      [ 81%]
tests/test_templating_advanced.py::test_templates_stacking PASSED        [ 81%]
tests/test_templating_advanced.py::test_templates_dependency_injection PASSED [ 81%]
tests/test_templating_advanced.py::test_conditional_grouping PASSED      [ 81%]
tests/test_templating_advanced.py::test_role_permission_directives PASSED [ 81%]
tests/test_templating_v2.py::test_elseif_variants PASSED                 [ 81%]
tests/test_templating_v2.py::test_while_loop PASSED                      [ 82%]
tests/test_templating_v2.py::test_break_continue_conditional PASSED      [ 82%]
tests/test_templating_v2.py::test_empty_directive PASSED                 [ 82%]
tests/test_templating_v2.py::test_inject_directive PASSED                [ 82%]
tests/test_templating_v2.py::test_else_if_with_whitespace PASSED         [ 82%]
tests/test_tenancy.py::test_tenant_creation ERROR                        [ 82%]
tests/test_tenancy.py::test_tenant_isolation ERROR                       [ 82%]
tests/test_tenancy.py::test_cross_tenant_access_prevention ERROR         [ 82%]
tests/test_tenancy.py::test_global_access_no_context ERROR               [ 82%]
tests/test_tenancy.py::test_manual_tenant_assignment ERROR               [ 82%]
tests/test_tenancy_leak.py::test_tenancy_context_leak_fixed PASSED       [ 83%]
tests/test_tenancy_leak.py::test_cross_request_isolation PASSED          [ 83%]
tests/test_tier2_cache.py::TestRedisCacheBasic::test_cache_initialization PASSED [ 83%]
tests/test_tier2_cache.py::TestRedisCacheBasic::test_set_and_get PASSED  [ 83%]
tests/test_tier2_cache.py::TestRedisCacheBasic::test_get_nonexistent_key PASSED [ 83%]
tests/test_tier2_cache.py::TestRedisCacheBasic::test_set_with_ttl PASSED [ 83%]
tests/test_tier2_cache.py::TestRedisCacheBasic::test_delete_key PASSED   [ 83%]
tests/test_tier2_cache.py::TestRedisCacheBasic::test_clear_all PASSED    [ 83%]
tests/test_tier2_cache.py::TestRedisCacheBasic::test_exists PASSED       [ 83%]
tests/test_tier2_cache.py::TestRedisCacheBasic::test_not_exists PASSED   [ 83%]
tests/test_tier2_cache.py::TestRedisCacheBatchOperations::test_set_many PASSED [ 83%]
tests/test_tier2_cache.py::TestRedisCacheBatchOperations::test_get_many PASSED [ 84%]
tests/test_tier2_cache.py::TestRedisCacheBatchOperations::test_get_many_with_missing_keys PASSED [ 84%]
tests/test_tier2_cache.py::TestRedisCacheDataTypes::test_cache_dict PASSED [ 84%]
tests/test_tier2_cache.py::TestRedisCacheDataTypes::test_cache_list PASSED [ 84%]
tests/test_tier2_cache.py::TestRedisCacheDataTypes::test_cache_nested_structures PASSED [ 84%]
tests/test_tier2_cache.py::TestRedisCachePatterns::test_delete_pattern PASSED [ 84%]
[...]
    |     raise exc
    |   File "C:\PROJECTS\eden-framework\.venv\Lib\site-packages\starlette\_exception_handler.py", line 42, in wrapped_app
    |     await app(scope, receive, sender)
    |   File "C:\PROJECTS\eden-framework\.venv\Lib\site-packages\starlette\routing.py", line 76, in app
    |     await response(scope, receive, send)
    | TypeError: object MagicMock can't be used in 'await' expression
    +------------------------------------

The above exception was the direct cause of the following exception:

Traceback (most recent call last):
  File "C:\PROJECTS\eden-framework\eden\error_middleware.py", line 72, in dispatch
    response = await call_next(request)
               ^^^^^^^^^^^^^^^^^^^^^^^^
  File "C:\PROJECTS\eden-framework\.venv\Lib\site-packages\starlette\middleware\base.py", line 168, in call_next
    raise app_exc from app_exc.__cause__ or app_exc.__context__
  File "C:\PROJECTS\eden-framework\.venv\Lib\site-packages\starlette\middleware\base.py", line 144, in coro
    await self.app(scope, receive_or_disconnect, send_no_error)
  File "C:\PROJECTS\eden-framework\eden\middleware\__init__.py", line 334, in __call__
    await self.app(scope, receive, send_with_headers)
  File "C:\PROJECTS\eden-framework\.venv\Lib\site-packages\starlette\middleware\base.py", line 191, in __call__
    with recv_stream, send_stream, collapse_excgroups():
                                   ^^^^^^^^^^^^^^^^^^^^
  File "C:\Users\COBBY\AppData\Roaming\uv\python\cpython-3.12.12-windows-x86_64-none\Lib\contextlib.py", line 158, in __exit__
    self.gen.throw(value)
  File "C:\PROJECTS\eden-framework\.venv\Lib\site-packages\starlette\_utils.py", line 87, in collapse_excgroups
    raise exc
  File "C:\PROJECTS\eden-framework\.venv\Lib\site-packages\starlette\middleware\base.py", line 193, in __call__
    response = await self.dispatch_func(request, call_next)
               ^^^^^^^^^^^^^^^^^^^^^^^^^^^^^^^^^^^^^^^^^^^^
  File "C:\PROJECTS\eden-framework\eden\auth\middleware.py", line 66, in dispatch
    response = await call_next(request)
               ^^^^^^^^^^^^^^^^^^^^^^^^
  File "C:\PROJECTS\eden-framework\.venv\Lib\site-packages\starlette\middleware\base.py", line 168, in call_next
    raise app_exc from app_exc.__cause__ or app_exc.__context__
  File "C:\PROJECTS\eden-framework\.venv\Lib\site-packages\starlette\middleware\base.py", line 144, in coro
    await self.app(scope, receive_or_disconnect, send_no_error)
  File "C:\PROJECTS\eden-framework\.venv\Lib\site-packages\starlette\middleware\base.py", line 191, in __call__
    with recv_stream, send_stream, collapse_excgroups():
                                   ^^^^^^^^^^^^^^^^^^^^
  File "C:\Users\COBBY\AppData\Roaming\uv\python\cpython-3.12.12-windows-x86_64-none\Lib\contextlib.py", line 158, in __exit__
    self.gen.throw(value)
  File "C:\PROJECTS\eden-framework\.venv\Lib\site-packages\starlette\_utils.py", line 87, in collapse_excgroups
    raise exc
  File "C:\PROJECTS\eden-framework\.venv\Lib\site-packages\starlette\middleware\base.py", line 193, in __call__
    response = await self.dispatch_func(request, call_next)
               ^^^^^^^^^^^^^^^^^^^^^^^^^^^^^^^^^^^^^^^^^^^^
  File "C:\PROJECTS\eden-framework\eden\auth\middleware.py", line 88, in dispatch
    return await call_next(request)
           ^^^^^^^^^^^^^^^^^^^^^^^^
  File "C:\PROJECTS\eden-framework\.venv\Lib\site-packages\starlette\middleware\base.py", line 168, in call_next
    raise app_exc from app_exc.__cause__ or app_exc.__context__
  File "C:\PROJECTS\eden-framework\.venv\Lib\site-packages\starlette\middleware\base.py", line 144, in coro
    await self.app(scope, receive_or_disconnect, send_no_error)
  File "C:\PROJECTS\eden-framework\.venv\Lib\site-packages\starlette\middleware\cors.py", line 87, in __call__
    await self.app(scope, receive, send)
  File "C:\PROJECTS\eden-framework\.venv\Lib\site-packages\starlette\middleware\gzip.py", line 29, in __call__
    await responder(scope, receive, send)
  File "C:\PROJECTS\eden-framework\.venv\Lib\site-packages\starlette\middleware\gzip.py", line 130, in __call__
    await super().__call__(scope, receive, send)
  File "C:\PROJECTS\eden-framework\.venv\Lib\site-packages\starlette\middleware\gzip.py", line 46, in __call__
    await self.app(scope, receive, self.send_with_compression)
  File "C:\PROJECTS\eden-framework\eden\middleware\__init__.py", line 451, in __call__
    await self.app(scope, receive, send_wrapper)
  File "C:\PROJECTS\eden-framework\.venv\Lib\site-packages\starlette\middleware\exceptions.py", line 63, in __call__
    await wrap_app_handling_exceptions(self.app, conn)(scope, receive, send)
  File "C:\PROJECTS\eden-framework\.venv\Lib\site-packages\starlette\_exception_handler.py", line 53, in wrapped_app
    raise exc
  File "C:\PROJECTS\eden-framework\.venv\Lib\site-packages\starlette\_exception_handler.py", line 42, in wrapped_app
    await app(scope, receive, sender)
  File "C:\PROJECTS\eden-framework\.venv\Lib\site-packages\starlette\routing.py", line 716, in __call__
    await self.middleware_stack(scope, receive, send)
  File "C:\PROJECTS\eden-framework\.venv\Lib\site-packages\starlette\routing.py", line 736, in app
    await route.handle(scope, receive, send)
  File "C:\PROJECTS\eden-framework\.venv\Lib\site-packages\starlette\routing.py", line 290, in handle
    await self.app(scope, receive, send)
  File "C:\PROJECTS\eden-framework\.venv\Lib\site-packages\starlette\routing.py", line 78, in app
    await wrap_app_handling_exceptions(app, request)(scope, receive, send)
  File "C:\PROJECTS\eden-framework\.venv\Lib\site-packages\starlette\_exception_handler.py", line 53, in wrapped_app
    raise exc
  File "C:\PROJECTS\eden-framework\.venv\Lib\site-packages\starlette\_exception_handler.py", line 42, in wrapped_app
    await app(scope, receive, sender)
  File "C:\PROJECTS\eden-framework\.venv\Lib\site-packages\starlette\routing.py", line 76, in app
    await response(scope, receive, send)
TypeError: object MagicMock can't be used in 'await' expression
============================== warnings summary ===============================
eden\testing.py:63
  C:\PROJECTS\eden-framework\eden\testing.py:63: PytestCollectionWarning: cannot collect test class 'EdenTestClient' because it has a __init__ constructor (from: tests/test_config_and_testing.py)
    class EdenTestClient(httpx.AsyncClient):

..\..\home\kb\projects\eden\tests\test_directives_integration.py:295
  /home/kb/projects/eden/tests/test_directives_integration.py:295: PytestUnknownMarkWarning: Unknown pytest.mark.unit - is this a typo?  You can register custom marks to avoid this warning - for details, see https://docs.pytest.org/en/stable/how-to/mark.html

..\..\home\kb\projects\eden\tests\test_directives_integration.py:313
  /home/kb/projects/eden/tests/test_directives_integration.py:313: PytestUnknownMarkWarning: Unknown pytest.mark.integration - is this a typo?  You can register custom marks to avoid this warning - for details, see https://docs.pytest.org/en/stable/how-to/mark.html

tests\test_storage_cleanup.py:26
  C:\PROJECTS\eden-framework\tests\test_storage_cleanup.py:26: PytestCollectionWarning: cannot collect test class 'TestUser' because it has a __init__ constructor (from: tests/test_storage_cleanup.py)
    class TestUser(Model):

tests\test_storage_cleanup.py:34
  C:\PROJECTS\eden-framework\tests\test_storage_cleanup.py:34: PytestCollectionWarning: cannot collect test class 'TestPost' because it has a __init__ constructor (from: tests/test_storage_cleanup.py)
    class TestPost(Model):

tests/test_auth_critical_fixes.py::test_complete_login_required_alias
  C:\PROJECTS\eden-framework\tests\test_auth_critical_fixes.py:225: DeprecationWarning: eden.auth.complete is deprecated. Import from eden.auth instead.
    from eden.auth.complete import login_required as complete_login_required

tests/test_config_and_testing.py::TestTestClientContext::test_testclient_context_isolation
tests/test_core_integration.py::test_client_authentication
  C:\PROJECTS\eden-framework\.venv\Lib\site-packages\jwt\api_jwt.py:153: InsecureKeyLengthWarning: The HMAC key is 30 bytes long, which is below the minimum recommended length of 32 bytes for SHA256. See RFC 7518 Section 3.2.
    return self._jws.encode(

tests/test_config_and_testing.py::TestTestClientContext::test_testclient_context_isolation
tests/test_core_integration.py::test_client_authentication
  C:\PROJECTS\eden-framework\.venv\Lib\site-packages\jwt\api_jwt.py:371: InsecureKeyLengthWarning: The HMAC key is 30 bytes long, which is below the minimum recommended length of 32 bytes for SHA256. See RFC 7518 Section 3.2.
    decoded = self.decode_complete(

tests/test_forms.py::test_render_all
  C:\PROJECTS\eden-framework\eden\forms.py:721: UserWarning: render_csrf() called outside of request context. No token will be produced.
    warnings.warn("render_csrf() called outside of request context. No token will be produced.")

tests/test_storage_cleanup.py::test_cleanup_different_storage_backends
tests/test_storage_cleanup.py::test_cleanup_different_storage_backends
tests/test_storage_cleanup.py::test_file_reference_query_only_active_references
  C:\PROJECTS\eden-framework\eden\db\file_reference.py:189: DeprecationWarning: datetime.datetime.utcnow() is deprecated and scheduled for removal in a future version. Use timezone-aware objects to represent datetimes in UTC: datetime.datetime.now(datetime.UTC).
    ref.deleted_at = datetime.utcnow()

tests/test_storage_cleanup.py::test_file_reference_query_only_active_references
  C:\PROJECTS\eden-framework\tests\test_storage_cleanup.py:430: DeprecationWarning: datetime.datetime.utcnow() is deprecated and scheduled for removal in a future version. Use timezone-aware objects to represent datetimes in UTC: datetime.datetime.now(datetime.UTC).
    already_deleted.deleted_at = datetime.utcnow()

-- Docs: https://docs.pytest.org/en/stable/how-to/capture-warnings.html
=========================== short test summary info ===========================
FAILED tests/test_admin_advanced.py::test_admin_edit_view_logic - sqlalchemy....
FAILED tests/test_auth.py::test_user_model_password - sqlalchemy.exc.InvalidR...
FAILED tests/test_auth_audit.py::test_query_rbac - sqlalchemy.exc.InvalidRequ...
FAILED tests/test_auth_complete_layers.py::test_baseuser_password_hashing - s...
FAILED tests/test_auth_complete_layers.py::test_baseuser_roles_and_permissions
FAILED tests/test_auth_complete_layers.py::test_baseuser_repr - sqlalchemy.ex...
FAILED tests/test_auth_rbac_ownership.py::test_rbac_allow_owner_isolation - s...
FAILED tests/test_auth_rbac_ownership.py::test_rbac_allow_roles - sqlalchemy....
FAILED tests/test_config_and_testing.py::TestTestClientContext::test_testclient_context_isolation
FAILED tests/test_config_and_testing.py::TestFixtures::test_user_factory - sq...
FAILED tests/test_config_and_testing.py::TestFixtures::test_user_factory_admin
FAILED tests/test_config_and_testing.py::TestFixtures::test_user_factory_batch
FAILED tests/test_core_integration.py::test_database_isolation_part_1 - sqlal...
FAILED tests/test_core_integration.py::test_database_isolation_part_2 - sqlal...
FAILED tests/test_database.py::test_one_to_one_inference - sqlalchemy.exc.Inv...
FAILED tests/test_database.py::test_many_to_one_inference - sqlalchemy.exc.In...
FAILED tests/test_fusion.py::test_multi_tenancy_auto_isolation - sqlalchemy.e...
FAILED tests/test_model_maturity.py::test_signal_registration - sqlalchemy.ex...
FAILED tests/test_model_maturity.py::test_validation_clean_method - sqlalchem...
FAILED tests/test_model_maturity.py::test_full_clean_lifecycle - sqlalchemy.e...
FAILED tests/test_model_maturity.py::test_update_or_create - sqlalchemy.exc.I...
FAILED tests/test_model_maturity.py::test_delete_signals - sqlalchemy.exc.Inv...
FAILED tests/test_model_maturity.py::test_validation_inheritance - sqlalchemy...
FAILED tests/test_model_maturity.py::test_fields_extended - sqlalchemy.exc.In...
FAILED tests/test_model_maturity.py::test_bulk_signals - sqlalchemy.exc.Inval...
FAILED tests/test_orm_advanced.py::test_orm_relationships_o2m - sqlalchemy.ex...
FAILED tests/test_orm_advanced.py::test_orm_m2o_navigation - sqlalchemy.exc.I...
FAILED tests/test_orm_advanced.py::test_orm_prefetch_syntax - sqlalchemy.exc....
FAILED tests/test_orm_critical_fixes.py::test_session_from_context_in_queryset
FAILED tests/test_orm_critical_fixes.py::test_relationships_inferred_in_init_subclass
FAILED tests/test_orm_critical_fixes.py::test_transaction_commits_on_success
FAILED tests/test_orm_critical_fixes.py::test_transaction_rollsback_on_error
FAILED tests/test_orm_critical_fixes.py::test_savepoint_rollback - sqlalchemy...
FAILED tests/test_orm_critical_fixes.py::test_atomic_function_execution - sql...
FAILED tests/test_orm_critical_fixes.py::test_full_workflow_context_transaction_relationships
FAILED tests/test_orm_hooks_and_m2m.py::test_orm_hooks - sqlalchemy.exc.Inval...
FAILED tests/test_orm_hooks_and_m2m.py::test_orm_m2m - sqlalchemy.exc.Invalid...
FAILED tests/test_routing_auth_powerup.py::TestLoginRequired::test_function_authenticated
FAILED tests/test_routing_auth_powerup.py::TestLoginRequired::test_cbv_per_method_authenticated
FAILED tests/test_routing_auth_powerup.py::TestLoginRequired::test_view_decorator_allows_all_methods
FAILED tests/test_routing_auth_powerup.py::TestRolesRequired::test_roles_required_missing
FAILED tests/test_routing_auth_powerup.py::TestRolesRequired::test_roles_required_present
FAILED tests/test_routing_auth_powerup.py::TestRolesRequired::test_superuser_bypass
FAILED tests/test_routing_auth_powerup.py::TestRolesRequired::test_require_role_single
FAILED tests/test_routing_auth_powerup.py::TestRolesRequired::test_require_any_role
FAILED tests/test_routing_auth_powerup.py::TestPermissions::test_permissions_required_missing_one
FAILED tests/test_routing_auth_powerup.py::TestPermissions::test_permissions_required_all_present
FAILED tests/test_routing_auth_powerup.py::TestPermissions::test_superuser_bypasses_permissions
FAILED tests/test_routing_auth_powerup.py::TestPermissions::test_require_any_permission
FAILED tests/test_routing_auth_powerup.py::TestPermissions::test_require_permission_with_rbac_hierarchy
FAILED tests/test_routing_auth_powerup.py::TestTenantAwareAuth::test_tenant_scoped_roles
FAILED tests/test_routing_auth_powerup.py::TestTenantAwareAuth::test_tenant_scoped_roles_with_flat_fallback
FAILED tests/test_routing_auth_powerup.py::TestTenantAwareAuth::test_superuser_bypasses_tenant_roles
FAILED tests/test_tasks_full.py::TestTaskResultStorage::test_cleanup_expired_results
FAILED tests/test_template_errors.py::test_syntax_error_rendering - assert 'T...
FAILED tests/test_template_errors.py::test_undefined_error_rendering - assert...
ERROR tests/audit/test_orm_joins.py::test_auto_join_involvement - sqlalchemy....
ERROR tests/audit/test_orm_joins.py::test_auto_join_performance - PermissionE...
ERROR tests/audit/test_orm_security.py::test_orm_lookup_sql_injection - sqlal...
ERROR tests/audit/test_orm_security.py::test_orm_q_object_injection - sqlalch...
ERROR tests/audit/test_orm_security.py::test_orm_raw_expression_bypass - sqla...
ERROR tests/audit/test_rbac_isolation.py::test_rbac_isolation_read - sqlalche...
ERROR tests/audit/test_rbac_isolation.py::test_rbac_bypass_attempt - sqlalche...
ERROR tests/audit/test_tenancy_isolation.py::test_tenant_isolation_basic - sq...
ERROR tests/audit/test_tenancy_isolation.py::test_tenant_leakage_on_missing_context
ERROR tests/audit/test_tenancy_isolation.py::test_tenant_bypass_manual_where
ERROR tests/test_fusion.py::test_fusion_rbac_hooks - RuntimeError: Task <Task...
ERROR tests/test_fusion.py::test_orm_context_fusion_creation - AttributeError...
ERROR tests/test_orm.py::test_orm_basic_crud - sqlalchemy.exc.InterfaceError:...
ERROR tests/test_orm.py::test_orm_id_generation - sqlalchemy.exc.InterfaceErr...
ERROR tests/test_orm.py::test_orm_timestamps - sqlalchemy.exc.InterfaceError:...
ERROR tests/test_orm.py::test_orm_all_and_count - sqlalchemy.exc.InterfaceErr...
ERROR tests/test_orm_enhanced.py::test_orm_json_field - sqlalchemy.exc.Interf...
ERROR tests/test_orm_enhanced.py::test_queryset_aggregate_django_style - Runt...
ERROR tests/test_orm_enhanced.py::test_queryset_annotate_complex - sqlalchemy...
ERROR tests/test_orm_enhanced.py::test_orm_complex_lookups - sqlalchemy.exc.I...
ERROR tests/test_orm_enhanced.py::test_queryset_update_returning - sqlalchemy...
ERROR tests/test_orm_enhanced.py::test_queryset_delete - sqlalchemy.exc.Inter...
ERROR tests/test_orm_enhanced.py::test_orm_f_relationship_oneliner - sqlalche...
ERROR tests/test_orm_form_integration.py::test_form_metadata_propagation - sq...
ERROR tests/test_orm_form_integration.py::test_schema_declarative_integration
ERROR tests/test_orm_form_integration.py::test_model_form_saving - sqlalchemy...
ERROR tests/test_orm_form_integration.py::test_complex_query_integration - sq...
ERROR tests/test_orm_lookups.py::test_expression_first_auto_join - sqlalchemy...
ERROR tests/test_orm_lookups.py::test_deep_expression_auto_join - sqlalchemy....
ERROR tests/test_orm_lookups.py::test_bitwise_q_with_expressions - sqlalchemy...
ERROR tests/test_orm_lookups.py::test_f_expression_alternative - sqlalchemy.e...
ERROR tests/test_orm_lookups.py::test_hybrid_lookups - sqlalchemy.exc.Invalid...
ERROR tests/test_orm_modern.py::test_annotated_schema_inference - RuntimeErro...
ERROR tests/test_orm_modern.py::test_modern_crud_operations - sqlalchemy.exc....
ERROR tests/test_orm_modern.py::test_validation_rules_from_annotated - sqlalc...
ERROR tests/test_orm_queryset.py::test_queryset_filter_chaining - sqlalchemy....
ERROR tests/test_orm_queryset.py::test_queryset_exclude - sqlalchemy.exc.Inte...
ERROR tests/test_orm_queryset.py::test_queryset_order_by - sqlalchemy.exc.Int...
ERROR tests/test_orm_queryset.py::test_queryset_limit_offset - sqlalchemy.exc...
ERROR tests/test_orm_queryset.py::test_queryset_values_multiple - sqlalchemy....
ERROR tests/test_orm_queryset.py::test_queryset_values_with_filter - sqlalche...
ERROR tests/test_orm_queryset.py::test_queryset_first_last - sqlalchemy.exc.I...
ERROR tests/test_orm_queryset.py::test_queryset_exists - sqlalchemy.exc.Inter...
ERROR tests/test_orm_queryset.py::test_queryset_all_as_dict - sqlalchemy.exc....
ERROR tests/test_orm_queryset.py::test_queryset_first_as_dict - sqlalchemy.ex...
ERROR tests/test_storage_cleanup.py::test_file_reference_link_creates_reference
ERROR tests/test_storage_cleanup.py::test_file_reference_link_default_backend
ERROR tests/test_storage_cleanup.py::test_file_reference_link_saves_to_database
ERROR tests/test_storage_cleanup.py::test_cleanup_by_model_delete_all_files
ERROR tests/test_storage_cleanup.py::test_cleanup_by_model_marks_deleted_at
ERROR tests/test_storage_cleanup.py::test_cleanup_by_model_handles_storage_error
ERROR tests/test_storage_cleanup.py::test_model_delete_triggers_file_cleanup
ERROR tests/test_storage_cleanup.py::test_model_delete_cleanup_before_deletion
ERROR tests/test_storage_cleanup.py::test_model_delete_continues_if_cleanup_fails
ERROR tests/test_storage_cleanup.py::test_create_from_upload_convenience_method
ERROR tests/test_storage_cleanup.py::test_cleanup_does_not_affect_other_models
ERROR tests/test_storage_cleanup.py::test_cleanup_with_unicode_paths - sqlalc...
ERROR tests/test_storage_cleanup.py::test_cleanup_with_very_long_paths - sqla...
ERROR tests/test_tenancy.py::test_tenant_creation - sqlalchemy.exc.InterfaceE...
ERROR tests/test_tenancy.py::test_tenant_isolation - RuntimeError: Task <Task...
ERROR tests/test_tenancy.py::test_cross_tenant_access_prevention - sqlalchemy...
ERROR tests/test_tenancy.py::test_global_access_no_context - sqlalchemy.exc.I...
ERROR tests/test_tenancy.py::test_manual_tenant_assignment - sqlalchemy.exc.I...
===== 56 failed, 932 passed, 5 skipped, 15 warnings, 63 errors in 56.03s ======
